2021-11-07 16:01:00,902 [main] INFO  o.s.b.t.c.SpringBootTestContextBootstrapper        - Neither @ContextConfiguration nor @ContextHierarchy found for test class [ms.customer.bank.MsCustomerBankApplicationTests], using SpringBootContextLoader 
2021-11-07 16:01:01,067 [main] INFO  o.s.t.c.s.AbstractContextLoader                    - Could not detect default resource locations for test class [ms.customer.bank.MsCustomerBankApplicationTests]: no resource found for suffixes {-context.xml, Context.groovy}. 
2021-11-07 16:01:01,071 [main] INFO  o.s.t.c.s.AnnotationConfigContextLoaderUtils       - Could not detect default configuration classes for test class [ms.customer.bank.MsCustomerBankApplicationTests]: MsCustomerBankApplicationTests does not declare any static, non-private, non-final, nested classes annotated with @Configuration. 
2021-11-07 16:01:02,349 [main] INFO  o.s.b.t.c.SpringBootTestContextBootstrapper        - Found @SpringBootConfiguration ms.customer.bank.MsCustomerBankApplication for test class ms.customer.bank.MsCustomerBankApplicationTests 
2021-11-07 16:01:03,098 [main] INFO  o.s.b.t.c.SpringBootTestContextBootstrapper        - Loaded default TestExecutionListener class names from location [META-INF/spring.factories]: [org.springframework.boot.test.mock.mockito.MockitoTestExecutionListener, org.springframework.boot.test.mock.mockito.ResetMocksTestExecutionListener, org.springframework.boot.test.autoconfigure.restdocs.RestDocsTestExecutionListener, org.springframework.boot.test.autoconfigure.web.client.MockRestServiceServerResetTestExecutionListener, org.springframework.boot.test.autoconfigure.web.servlet.MockMvcPrintOnlyOnFailureTestExecutionListener, org.springframework.boot.test.autoconfigure.web.servlet.WebDriverTestExecutionListener, org.springframework.boot.test.autoconfigure.webservices.client.MockWebServiceServerTestExecutionListener, org.springframework.test.context.web.ServletTestExecutionListener, org.springframework.test.context.support.DirtiesContextBeforeModesTestExecutionListener, org.springframework.test.context.event.ApplicationEventsTestExecutionListener, org.springframework.test.context.support.DependencyInjectionTestExecutionListener, org.springframework.test.context.support.DirtiesContextTestExecutionListener, org.springframework.test.context.transaction.TransactionalTestExecutionListener, org.springframework.test.context.jdbc.SqlScriptsTestExecutionListener, org.springframework.test.context.event.EventPublishingTestExecutionListener] 
2021-11-07 16:01:03,336 [main] INFO  o.s.b.t.c.SpringBootTestContextBootstrapper        - Using TestExecutionListeners: [org.springframework.test.context.support.DirtiesContextBeforeModesTestExecutionListener@1d470d0, org.springframework.test.context.event.ApplicationEventsTestExecutionListener@24d09c1, org.springframework.boot.test.mock.mockito.MockitoTestExecutionListener@54c62d71, org.springframework.boot.test.autoconfigure.SpringBootDependencyInjectionTestExecutionListener@65045a87, org.springframework.test.context.support.DirtiesContextTestExecutionListener@47f4e407, org.springframework.test.context.transaction.TransactionalTestExecutionListener@2d1dee39, org.springframework.test.context.jdbc.SqlScriptsTestExecutionListener@48d5f34e, org.springframework.test.context.event.EventPublishingTestExecutionListener@fc258b1, org.springframework.boot.test.mock.mockito.ResetMocksTestExecutionListener@6ff65192, org.springframework.boot.test.autoconfigure.restdocs.RestDocsTestExecutionListener@2dd80673, org.springframework.boot.test.autoconfigure.web.client.MockRestServiceServerResetTestExecutionListener@4af0df05, org.springframework.boot.test.autoconfigure.web.servlet.MockMvcPrintOnlyOnFailureTestExecutionListener@57ea113a, org.springframework.boot.test.autoconfigure.web.servlet.WebDriverTestExecutionListener@acdb094, org.springframework.boot.test.autoconfigure.webservices.client.MockWebServiceServerTestExecutionListener@674bd420] 
2021-11-07 16:01:07,005 [background-preinit] INFO  o.h.v.i.u.Version                                  - HV000001: Hibernate Validator 6.2.0.Final 
2021-11-07 16:01:10,420 [main] INFO  o.s.c.c.c.ConfigServicePropertySourceLocator       - Fetching config from server at : http://localhost:8762 
2021-11-07 16:02:16,580 [main] INFO  o.s.c.c.c.ConfigServicePropertySourceLocator       - Located environment: name=customer-service-bank, profiles=[dev], label=null, version=c7ff51c9e75bd8cd21f3727db13506d8c3cb5513, state=null 
2021-11-07 16:02:16,583 [main] INFO  o.s.c.b.c.PropertySourceBootstrapConfiguration     - Located property source: [BootstrapPropertySource {name='bootstrapProperties-configClient'}, BootstrapPropertySource {name='bootstrapProperties-https://github.com/hiddro/configuration-config-bank/file:C:\Users\ddeck\AppData\Local\Temp\config-repo-8648398062977905516\customer-service-bank-dev.yml'}] 
2021-11-07 16:02:16,768 [main] INFO  m.c.b.MsCustomerBankApplicationTests               - The following profiles are active: dev 
2021-11-07 16:02:24,149 [main] INFO  o.s.d.r.c.RepositoryConfigurationDelegate          - Bootstrapping Spring Data Reactive MongoDB repositories in DEFAULT mode. 
2021-11-07 16:02:25,107 [main] INFO  o.s.d.r.c.RepositoryConfigurationDelegate          - Finished Spring Data repository scanning in 930 ms. Found 2 Reactive MongoDB repository interfaces. 
2021-11-07 16:02:26,427 [main] INFO  o.s.c.c.s.GenericScope                             - BeanFactory id=cfd9a3a7-8d03-3b04-a150-f91e7e5b7e80 
2021-11-07 16:02:28,183 [main] INFO  o.s.c.s.PostProcessorRegistrationDelegate$BeanPostProcessorChecker - Bean 'org.springframework.cloud.client.loadbalancer.reactive.LoadBalancerBeanPostProcessorAutoConfiguration' of type [org.springframework.cloud.client.loadbalancer.reactive.LoadBalancerBeanPostProcessorAutoConfiguration] is not eligible for getting processed by all BeanPostProcessors (for example: not eligible for auto-proxying) 
2021-11-07 16:02:28,189 [main] INFO  o.s.c.s.PostProcessorRegistrationDelegate$BeanPostProcessorChecker - Bean 'org.springframework.cloud.client.loadbalancer.reactive.LoadBalancerBeanPostProcessorAutoConfiguration$ReactorDeferringLoadBalancerFilterConfig' of type [org.springframework.cloud.client.loadbalancer.reactive.LoadBalancerBeanPostProcessorAutoConfiguration$ReactorDeferringLoadBalancerFilterConfig] is not eligible for getting processed by all BeanPostProcessors (for example: not eligible for auto-proxying) 
2021-11-07 16:02:28,194 [main] INFO  o.s.c.s.PostProcessorRegistrationDelegate$BeanPostProcessorChecker - Bean 'reactorDeferringLoadBalancerExchangeFilterFunction' of type [org.springframework.cloud.client.loadbalancer.reactive.DeferringLoadBalancerExchangeFilterFunction] is not eligible for getting processed by all BeanPostProcessors (for example: not eligible for auto-proxying) 
2021-11-07 16:02:32,141 [main] INFO  o.m.d.cluster                                      - Cluster created with settings {hosts=[localhost:27018], mode=SINGLE, requiredClusterType=UNKNOWN, serverSelectionTimeout='30000 ms'} 
2021-11-07 16:02:33,928 [main] WARN  o.s.d.c.CustomConversions                          - Registering converter from class java.time.LocalDateTime to class org.joda.time.LocalDateTime as reading converter although it doesn't convert from a store-supported type! You might want to check your annotation setup at the converter implementation. 
2021-11-07 16:02:35,200 [main] WARN  o.s.d.c.CustomConversions                          - Registering converter from class java.time.LocalDateTime to class org.joda.time.LocalDateTime as reading converter although it doesn't convert from a store-supported type! You might want to check your annotation setup at the converter implementation. 
2021-11-07 16:02:35,739 [cluster-rtt-ClusterId{value='61883ee85295475063b3de23', description='null'}-localhost:27018] INFO  o.m.d.connection                                   - Opened connection [connectionId{localValue:2, serverValue:1}] to localhost:27018 
2021-11-07 16:02:35,739 [cluster-ClusterId{value='61883ee85295475063b3de23', description='null'}-localhost:27018] INFO  o.m.d.connection                                   - Opened connection [connectionId{localValue:1, serverValue:2}] to localhost:27018 
2021-11-07 16:02:35,741 [cluster-ClusterId{value='61883ee85295475063b3de23', description='null'}-localhost:27018] INFO  o.m.d.cluster                                      - Monitor thread successfully connected to server with description ServerDescription{address=localhost:27018, type=STANDALONE, state=CONNECTED, ok=true, minWireVersion=0, maxWireVersion=13, maxDocumentSize=16777216, logicalSessionTimeoutMinutes=30, roundTripTimeNanos=1292661200} 
2021-11-07 16:02:40,901 [nioEventLoopGroup-2-3] INFO  o.m.d.connection                                   - Opened connection [connectionId{localValue:3, serverValue:3}] to localhost:27018 
2021-11-07 16:02:48,006 [main] INFO  o.s.b.a.e.w.EndpointLinksResolver                  - Exposing 1 endpoint(s) beneath base path '/actuator' 
2021-11-07 16:02:50,166 [main] INFO  o.s.c.n.e.c.DiscoveryClientOptionalArgsConfiguration - Eureka HTTP Client uses RestTemplate. 
2021-11-07 16:02:50,538 [main] WARN  o.s.c.l.c.LoadBalancerCacheAutoConfiguration$LoadBalancerCaffeineWarnLogger - Spring Cloud LoadBalancer is currently working with the default cache. You can switch to using Caffeine cache, by adding it and org.springframework.cache.caffeine.CaffeineCacheManager to the classpath. 
2021-11-07 16:02:50,584 [main] INFO  o.s.c.n.e.InstanceInfoFactory                      - Setting initial instance status as: STARTING 
2021-11-07 16:02:51,146 [main] INFO  c.n.d.DiscoveryClient                              - Initializing Eureka in region us-east-1 
2021-11-07 16:02:51,181 [main] INFO  c.n.d.s.r.a.ConfigClusterResolver                  - Resolving eureka endpoints via configuration 
2021-11-07 16:02:51,420 [main] INFO  c.n.d.DiscoveryClient                              - Disable delta property : false 
2021-11-07 16:02:51,420 [main] INFO  c.n.d.DiscoveryClient                              - Single vip registry refresh property : null 
2021-11-07 16:02:51,421 [main] INFO  c.n.d.DiscoveryClient                              - Force full registry fetch : false 
2021-11-07 16:02:51,421 [main] INFO  c.n.d.DiscoveryClient                              - Application is null : false 
2021-11-07 16:02:51,421 [main] INFO  c.n.d.DiscoveryClient                              - Registered Applications size is zero : true 
2021-11-07 16:02:51,422 [main] INFO  c.n.d.DiscoveryClient                              - Application version is -1: true 
2021-11-07 16:02:51,422 [main] INFO  c.n.d.DiscoveryClient                              - Getting all instance registry info from the eureka server 
2021-11-07 16:02:52,931 [main] INFO  c.n.d.DiscoveryClient                              - The response status is 200 
2021-11-07 16:02:52,963 [main] INFO  c.n.d.DiscoveryClient                              - Starting heartbeat executor: renew interval is: 30 
2021-11-07 16:02:52,970 [main] INFO  c.n.d.InstanceInfoReplicator                       - InstanceInfoReplicator onDemand update allowed rate per min is 4 
2021-11-07 16:02:53,076 [main] INFO  c.n.d.DiscoveryClient                              - Discovery Client initialized at timestamp 1636318972986 with initial instances count: 1 
2021-11-07 16:02:53,104 [main] INFO  o.s.c.n.e.s.EurekaServiceRegistry                  - Registering application CUSTOMER-SERVICE-BANK with eureka with status UP 
2021-11-07 16:02:53,108 [main] INFO  c.n.d.DiscoveryClient                              - Saw local status change event StatusChangeEvent [timestamp=1636318973108, current=UP, previous=STARTING] 
2021-11-07 16:02:53,116 [DiscoveryClient-InstanceInfoReplicator-0] INFO  c.n.d.DiscoveryClient                              - DiscoveryClient_CUSTOMER-SERVICE-BANK/LAPTOP-E8INKJVT:customer-service-bank:8081: registering service... 
2021-11-07 16:02:53,185 [main] INFO  m.c.b.MsCustomerBankApplicationTests               - Started MsCustomerBankApplicationTests in 109.272 seconds (JVM running for 122.881) 
2021-11-07 16:02:53,376 [DiscoveryClient-InstanceInfoReplicator-0] INFO  c.n.d.DiscoveryClient                              - DiscoveryClient_CUSTOMER-SERVICE-BANK/LAPTOP-E8INKJVT:customer-service-bank:8081 - registration status: 204 
2021-11-07 16:02:55,518 [SpringApplicationShutdownHook] INFO  o.s.c.n.e.s.EurekaServiceRegistry                  - Unregistering application CUSTOMER-SERVICE-BANK with eureka with status DOWN 
2021-11-07 16:02:55,519 [SpringApplicationShutdownHook] INFO  c.n.d.DiscoveryClient                              - Saw local status change event StatusChangeEvent [timestamp=1636318975519, current=DOWN, previous=UP] 
2021-11-07 16:02:55,520 [DiscoveryClient-InstanceInfoReplicator-0] INFO  c.n.d.DiscoveryClient                              - DiscoveryClient_CUSTOMER-SERVICE-BANK/LAPTOP-E8INKJVT:customer-service-bank:8081: registering service... 
2021-11-07 16:02:55,671 [SpringApplicationShutdownHook] INFO  o.m.d.connection                                   - Closed connection [connectionId{localValue:3, serverValue:3}] to localhost:27018 because the pool has been closed. 
2021-11-07 16:02:55,694 [DiscoveryClient-InstanceInfoReplicator-0] INFO  c.n.d.DiscoveryClient                              - DiscoveryClient_CUSTOMER-SERVICE-BANK/LAPTOP-E8INKJVT:customer-service-bank:8081 - registration status: 204 
2021-11-07 16:02:57,783 [SpringApplicationShutdownHook] INFO  c.n.d.DiscoveryClient                              - Shutting down DiscoveryClient ... 
2021-11-07 16:03:00,792 [SpringApplicationShutdownHook] INFO  c.n.d.DiscoveryClient                              - Unregistering ... 
2021-11-07 16:03:00,938 [SpringApplicationShutdownHook] INFO  c.n.d.DiscoveryClient                              - DiscoveryClient_CUSTOMER-SERVICE-BANK/LAPTOP-E8INKJVT:customer-service-bank:8081 - deregister  status: 200 
2021-11-07 16:03:00,969 [SpringApplicationShutdownHook] INFO  c.n.d.DiscoveryClient                              - Completed shut down of DiscoveryClient 
2021-11-07 16:06:42,911 [main] INFO  o.s.b.t.c.SpringBootTestContextBootstrapper        - Neither @ContextConfiguration nor @ContextHierarchy found for test class [ms.customer.bank.MsCustomerBankApplicationTests], using SpringBootContextLoader 
2021-11-07 16:06:43,005 [main] INFO  o.s.t.c.s.AbstractContextLoader                    - Could not detect default resource locations for test class [ms.customer.bank.MsCustomerBankApplicationTests]: no resource found for suffixes {-context.xml, Context.groovy}. 
2021-11-07 16:06:43,014 [main] INFO  o.s.t.c.s.AnnotationConfigContextLoaderUtils       - Could not detect default configuration classes for test class [ms.customer.bank.MsCustomerBankApplicationTests]: MsCustomerBankApplicationTests does not declare any static, non-private, non-final, nested classes annotated with @Configuration. 
2021-11-07 16:06:43,556 [main] INFO  o.s.b.t.c.SpringBootTestContextBootstrapper        - Found @SpringBootConfiguration ms.customer.bank.MsCustomerBankApplication for test class ms.customer.bank.MsCustomerBankApplicationTests 
2021-11-07 16:06:43,739 [main] INFO  o.s.b.t.c.SpringBootTestContextBootstrapper        - Loaded default TestExecutionListener class names from location [META-INF/spring.factories]: [org.springframework.boot.test.mock.mockito.MockitoTestExecutionListener, org.springframework.boot.test.mock.mockito.ResetMocksTestExecutionListener, org.springframework.boot.test.autoconfigure.restdocs.RestDocsTestExecutionListener, org.springframework.boot.test.autoconfigure.web.client.MockRestServiceServerResetTestExecutionListener, org.springframework.boot.test.autoconfigure.web.servlet.MockMvcPrintOnlyOnFailureTestExecutionListener, org.springframework.boot.test.autoconfigure.web.servlet.WebDriverTestExecutionListener, org.springframework.boot.test.autoconfigure.webservices.client.MockWebServiceServerTestExecutionListener, org.springframework.test.context.web.ServletTestExecutionListener, org.springframework.test.context.support.DirtiesContextBeforeModesTestExecutionListener, org.springframework.test.context.event.ApplicationEventsTestExecutionListener, org.springframework.test.context.support.DependencyInjectionTestExecutionListener, org.springframework.test.context.support.DirtiesContextTestExecutionListener, org.springframework.test.context.transaction.TransactionalTestExecutionListener, org.springframework.test.context.jdbc.SqlScriptsTestExecutionListener, org.springframework.test.context.event.EventPublishingTestExecutionListener] 
2021-11-07 16:06:44,078 [main] INFO  o.s.b.t.c.SpringBootTestContextBootstrapper        - Using TestExecutionListeners: [org.springframework.test.context.support.DirtiesContextBeforeModesTestExecutionListener@1d470d0, org.springframework.test.context.event.ApplicationEventsTestExecutionListener@24d09c1, org.springframework.boot.test.mock.mockito.MockitoTestExecutionListener@54c62d71, org.springframework.boot.test.autoconfigure.SpringBootDependencyInjectionTestExecutionListener@65045a87, org.springframework.test.context.support.DirtiesContextTestExecutionListener@47f4e407, org.springframework.test.context.transaction.TransactionalTestExecutionListener@2d1dee39, org.springframework.test.context.jdbc.SqlScriptsTestExecutionListener@48d5f34e, org.springframework.test.context.event.EventPublishingTestExecutionListener@fc258b1, org.springframework.boot.test.mock.mockito.ResetMocksTestExecutionListener@6ff65192, org.springframework.boot.test.autoconfigure.restdocs.RestDocsTestExecutionListener@2dd80673, org.springframework.boot.test.autoconfigure.web.client.MockRestServiceServerResetTestExecutionListener@4af0df05, org.springframework.boot.test.autoconfigure.web.servlet.MockMvcPrintOnlyOnFailureTestExecutionListener@57ea113a, org.springframework.boot.test.autoconfigure.web.servlet.WebDriverTestExecutionListener@acdb094, org.springframework.boot.test.autoconfigure.webservices.client.MockWebServiceServerTestExecutionListener@674bd420] 
2021-11-07 16:06:47,354 [background-preinit] INFO  o.h.v.i.u.Version                                  - HV000001: Hibernate Validator 6.2.0.Final 
2021-11-07 16:06:50,601 [main] INFO  o.s.c.c.c.ConfigServicePropertySourceLocator       - Fetching config from server at : http://localhost:8762 
2021-11-07 16:06:55,008 [main] INFO  o.s.c.c.c.ConfigServicePropertySourceLocator       - Located environment: name=customer-service-bank, profiles=[dev], label=null, version=c7ff51c9e75bd8cd21f3727db13506d8c3cb5513, state=null 
2021-11-07 16:06:55,023 [main] INFO  o.s.c.b.c.PropertySourceBootstrapConfiguration     - Located property source: [BootstrapPropertySource {name='bootstrapProperties-configClient'}, BootstrapPropertySource {name='bootstrapProperties-https://github.com/hiddro/configuration-config-bank/file:C:\Users\ddeck\AppData\Local\Temp\config-repo-8648398062977905516\customer-service-bank-dev.yml'}] 
2021-11-07 16:06:55,144 [main] INFO  m.c.b.MsCustomerBankApplicationTests               - The following profiles are active: dev 
2021-11-07 16:07:00,163 [main] INFO  o.s.d.r.c.RepositoryConfigurationDelegate          - Bootstrapping Spring Data Reactive MongoDB repositories in DEFAULT mode. 
2021-11-07 16:07:00,944 [main] INFO  o.s.d.r.c.RepositoryConfigurationDelegate          - Finished Spring Data repository scanning in 748 ms. Found 2 Reactive MongoDB repository interfaces. 
2021-11-07 16:07:01,637 [main] INFO  o.s.c.c.s.GenericScope                             - BeanFactory id=cfd9a3a7-8d03-3b04-a150-f91e7e5b7e80 
2021-11-07 16:07:03,375 [main] INFO  o.s.c.s.PostProcessorRegistrationDelegate$BeanPostProcessorChecker - Bean 'org.springframework.cloud.client.loadbalancer.reactive.LoadBalancerBeanPostProcessorAutoConfiguration' of type [org.springframework.cloud.client.loadbalancer.reactive.LoadBalancerBeanPostProcessorAutoConfiguration] is not eligible for getting processed by all BeanPostProcessors (for example: not eligible for auto-proxying) 
2021-11-07 16:07:03,380 [main] INFO  o.s.c.s.PostProcessorRegistrationDelegate$BeanPostProcessorChecker - Bean 'org.springframework.cloud.client.loadbalancer.reactive.LoadBalancerBeanPostProcessorAutoConfiguration$ReactorDeferringLoadBalancerFilterConfig' of type [org.springframework.cloud.client.loadbalancer.reactive.LoadBalancerBeanPostProcessorAutoConfiguration$ReactorDeferringLoadBalancerFilterConfig] is not eligible for getting processed by all BeanPostProcessors (for example: not eligible for auto-proxying) 
2021-11-07 16:07:03,387 [main] INFO  o.s.c.s.PostProcessorRegistrationDelegate$BeanPostProcessorChecker - Bean 'reactorDeferringLoadBalancerExchangeFilterFunction' of type [org.springframework.cloud.client.loadbalancer.reactive.DeferringLoadBalancerExchangeFilterFunction] is not eligible for getting processed by all BeanPostProcessors (for example: not eligible for auto-proxying) 
2021-11-07 16:07:07,531 [main] INFO  o.m.d.cluster                                      - Cluster created with settings {hosts=[localhost:27018], mode=SINGLE, requiredClusterType=UNKNOWN, serverSelectionTimeout='30000 ms'} 
2021-11-07 16:07:10,182 [main] WARN  o.s.d.c.CustomConversions                          - Registering converter from class java.time.LocalDateTime to class org.joda.time.LocalDateTime as reading converter although it doesn't convert from a store-supported type! You might want to check your annotation setup at the converter implementation. 
2021-11-07 16:07:11,476 [cluster-rtt-ClusterId{value='61883ffb551d620d92ad5e5c', description='null'}-localhost:27018] INFO  o.m.d.connection                                   - Opened connection [connectionId{localValue:2, serverValue:4}] to localhost:27018 
2021-11-07 16:07:11,476 [cluster-ClusterId{value='61883ffb551d620d92ad5e5c', description='null'}-localhost:27018] INFO  o.m.d.connection                                   - Opened connection [connectionId{localValue:1, serverValue:5}] to localhost:27018 
2021-11-07 16:07:11,477 [cluster-ClusterId{value='61883ffb551d620d92ad5e5c', description='null'}-localhost:27018] INFO  o.m.d.cluster                                      - Monitor thread successfully connected to server with description ServerDescription{address=localhost:27018, type=STANDALONE, state=CONNECTED, ok=true, minWireVersion=0, maxWireVersion=13, maxDocumentSize=16777216, logicalSessionTimeoutMinutes=30, roundTripTimeNanos=1236591400} 
2021-11-07 16:07:12,174 [main] WARN  o.s.d.c.CustomConversions                          - Registering converter from class java.time.LocalDateTime to class org.joda.time.LocalDateTime as reading converter although it doesn't convert from a store-supported type! You might want to check your annotation setup at the converter implementation. 
2021-11-07 16:07:15,823 [nioEventLoopGroup-2-3] INFO  o.m.d.connection                                   - Opened connection [connectionId{localValue:3, serverValue:6}] to localhost:27018 
2021-11-07 16:07:25,936 [main] INFO  o.s.b.a.e.w.EndpointLinksResolver                  - Exposing 1 endpoint(s) beneath base path '/actuator' 
2021-11-07 16:07:28,062 [main] INFO  o.s.c.n.e.c.DiscoveryClientOptionalArgsConfiguration - Eureka HTTP Client uses RestTemplate. 
2021-11-07 16:07:28,591 [main] WARN  o.s.c.l.c.LoadBalancerCacheAutoConfiguration$LoadBalancerCaffeineWarnLogger - Spring Cloud LoadBalancer is currently working with the default cache. You can switch to using Caffeine cache, by adding it and org.springframework.cache.caffeine.CaffeineCacheManager to the classpath. 
2021-11-07 16:07:28,671 [main] INFO  o.s.c.n.e.InstanceInfoFactory                      - Setting initial instance status as: STARTING 
2021-11-07 16:07:29,870 [main] INFO  c.n.d.DiscoveryClient                              - Initializing Eureka in region us-east-1 
2021-11-07 16:07:30,486 [main] INFO  c.n.d.s.r.a.ConfigClusterResolver                  - Resolving eureka endpoints via configuration 
2021-11-07 16:07:30,758 [main] INFO  c.n.d.DiscoveryClient                              - Disable delta property : false 
2021-11-07 16:07:30,758 [main] INFO  c.n.d.DiscoveryClient                              - Single vip registry refresh property : null 
2021-11-07 16:07:30,758 [main] INFO  c.n.d.DiscoveryClient                              - Force full registry fetch : false 
2021-11-07 16:07:30,767 [main] INFO  c.n.d.DiscoveryClient                              - Application is null : false 
2021-11-07 16:07:30,768 [main] INFO  c.n.d.DiscoveryClient                              - Registered Applications size is zero : true 
2021-11-07 16:07:30,769 [main] INFO  c.n.d.DiscoveryClient                              - Application version is -1: true 
2021-11-07 16:07:30,769 [main] INFO  c.n.d.DiscoveryClient                              - Getting all instance registry info from the eureka server 
2021-11-07 16:07:32,890 [main] INFO  c.n.d.DiscoveryClient                              - The response status is 200 
2021-11-07 16:07:32,940 [main] INFO  c.n.d.DiscoveryClient                              - Starting heartbeat executor: renew interval is: 30 
2021-11-07 16:07:32,947 [main] INFO  c.n.d.InstanceInfoReplicator                       - InstanceInfoReplicator onDemand update allowed rate per min is 4 
2021-11-07 16:07:33,034 [main] INFO  c.n.d.DiscoveryClient                              - Discovery Client initialized at timestamp 1636319252968 with initial instances count: 1 
2021-11-07 16:07:33,067 [main] INFO  o.s.c.n.e.s.EurekaServiceRegistry                  - Registering application CUSTOMER-SERVICE-BANK with eureka with status UP 
2021-11-07 16:07:33,070 [main] INFO  c.n.d.DiscoveryClient                              - Saw local status change event StatusChangeEvent [timestamp=1636319253069, current=UP, previous=STARTING] 
2021-11-07 16:07:33,079 [DiscoveryClient-InstanceInfoReplicator-0] INFO  c.n.d.DiscoveryClient                              - DiscoveryClient_CUSTOMER-SERVICE-BANK/LAPTOP-E8INKJVT:customer-service-bank:8081: registering service... 
2021-11-07 16:07:33,140 [main] INFO  m.c.b.MsCustomerBankApplicationTests               - Started MsCustomerBankApplicationTests in 48.83 seconds (JVM running for 62.193) 
2021-11-07 16:07:33,468 [DiscoveryClient-InstanceInfoReplicator-0] INFO  c.n.d.DiscoveryClient                              - DiscoveryClient_CUSTOMER-SERVICE-BANK/LAPTOP-E8INKJVT:customer-service-bank:8081 - registration status: 204 
2021-11-07 16:07:37,444 [SpringApplicationShutdownHook] INFO  o.s.c.n.e.s.EurekaServiceRegistry                  - Unregistering application CUSTOMER-SERVICE-BANK with eureka with status DOWN 
2021-11-07 16:07:37,446 [SpringApplicationShutdownHook] INFO  c.n.d.DiscoveryClient                              - Saw local status change event StatusChangeEvent [timestamp=1636319257446, current=DOWN, previous=UP] 
2021-11-07 16:07:37,448 [DiscoveryClient-InstanceInfoReplicator-0] INFO  c.n.d.DiscoveryClient                              - DiscoveryClient_CUSTOMER-SERVICE-BANK/LAPTOP-E8INKJVT:customer-service-bank:8081: registering service... 
2021-11-07 16:07:37,583 [SpringApplicationShutdownHook] INFO  o.m.d.connection                                   - Closed connection [connectionId{localValue:3, serverValue:6}] to localhost:27018 because the pool has been closed. 
2021-11-07 16:07:37,606 [DiscoveryClient-InstanceInfoReplicator-0] INFO  c.n.d.DiscoveryClient                              - DiscoveryClient_CUSTOMER-SERVICE-BANK/LAPTOP-E8INKJVT:customer-service-bank:8081 - registration status: 204 
2021-11-07 16:07:39,719 [SpringApplicationShutdownHook] INFO  c.n.d.DiscoveryClient                              - Shutting down DiscoveryClient ... 
2021-11-07 16:07:42,737 [SpringApplicationShutdownHook] INFO  c.n.d.DiscoveryClient                              - Unregistering ... 
2021-11-07 16:07:42,788 [SpringApplicationShutdownHook] INFO  c.n.d.DiscoveryClient                              - DiscoveryClient_CUSTOMER-SERVICE-BANK/LAPTOP-E8INKJVT:customer-service-bank:8081 - deregister  status: 200 
2021-11-07 16:07:42,803 [SpringApplicationShutdownHook] INFO  c.n.d.DiscoveryClient                              - Completed shut down of DiscoveryClient 
2021-11-07 16:30:00,482 [main] INFO  o.s.b.t.c.SpringBootTestContextBootstrapper        - Neither @ContextConfiguration nor @ContextHierarchy found for test class [ms.customer.bank.MsCustomerBankApplicationTests], using SpringBootContextLoader 
2021-11-07 16:30:00,529 [main] INFO  o.s.t.c.s.AbstractContextLoader                    - Could not detect default resource locations for test class [ms.customer.bank.MsCustomerBankApplicationTests]: no resource found for suffixes {-context.xml, Context.groovy}. 
2021-11-07 16:30:00,531 [main] INFO  o.s.t.c.s.AnnotationConfigContextLoaderUtils       - Could not detect default configuration classes for test class [ms.customer.bank.MsCustomerBankApplicationTests]: MsCustomerBankApplicationTests does not declare any static, non-private, non-final, nested classes annotated with @Configuration. 
2021-11-07 16:30:01,213 [main] INFO  o.s.b.t.c.SpringBootTestContextBootstrapper        - Found @SpringBootConfiguration ms.customer.bank.MsCustomerBankApplication for test class ms.customer.bank.MsCustomerBankApplicationTests 
2021-11-07 16:30:01,452 [main] INFO  o.s.b.t.c.SpringBootTestContextBootstrapper        - Loaded default TestExecutionListener class names from location [META-INF/spring.factories]: [org.springframework.boot.test.mock.mockito.MockitoTestExecutionListener, org.springframework.boot.test.mock.mockito.ResetMocksTestExecutionListener, org.springframework.boot.test.autoconfigure.restdocs.RestDocsTestExecutionListener, org.springframework.boot.test.autoconfigure.web.client.MockRestServiceServerResetTestExecutionListener, org.springframework.boot.test.autoconfigure.web.servlet.MockMvcPrintOnlyOnFailureTestExecutionListener, org.springframework.boot.test.autoconfigure.web.servlet.WebDriverTestExecutionListener, org.springframework.boot.test.autoconfigure.webservices.client.MockWebServiceServerTestExecutionListener, org.springframework.test.context.web.ServletTestExecutionListener, org.springframework.test.context.support.DirtiesContextBeforeModesTestExecutionListener, org.springframework.test.context.event.ApplicationEventsTestExecutionListener, org.springframework.test.context.support.DependencyInjectionTestExecutionListener, org.springframework.test.context.support.DirtiesContextTestExecutionListener, org.springframework.test.context.transaction.TransactionalTestExecutionListener, org.springframework.test.context.jdbc.SqlScriptsTestExecutionListener, org.springframework.test.context.event.EventPublishingTestExecutionListener] 
2021-11-07 16:30:01,704 [main] INFO  o.s.b.t.c.SpringBootTestContextBootstrapper        - Using TestExecutionListeners: [org.springframework.test.context.support.DirtiesContextBeforeModesTestExecutionListener@1d470d0, org.springframework.test.context.event.ApplicationEventsTestExecutionListener@24d09c1, org.springframework.boot.test.mock.mockito.MockitoTestExecutionListener@54c62d71, org.springframework.boot.test.autoconfigure.SpringBootDependencyInjectionTestExecutionListener@65045a87, org.springframework.test.context.support.DirtiesContextTestExecutionListener@47f4e407, org.springframework.test.context.transaction.TransactionalTestExecutionListener@2d1dee39, org.springframework.test.context.jdbc.SqlScriptsTestExecutionListener@48d5f34e, org.springframework.test.context.event.EventPublishingTestExecutionListener@fc258b1, org.springframework.boot.test.mock.mockito.ResetMocksTestExecutionListener@6ff65192, org.springframework.boot.test.autoconfigure.restdocs.RestDocsTestExecutionListener@2dd80673, org.springframework.boot.test.autoconfigure.web.client.MockRestServiceServerResetTestExecutionListener@4af0df05, org.springframework.boot.test.autoconfigure.web.servlet.MockMvcPrintOnlyOnFailureTestExecutionListener@57ea113a, org.springframework.boot.test.autoconfigure.web.servlet.WebDriverTestExecutionListener@acdb094, org.springframework.boot.test.autoconfigure.webservices.client.MockWebServiceServerTestExecutionListener@674bd420] 
2021-11-07 16:30:03,799 [background-preinit] INFO  o.h.v.i.u.Version                                  - HV000001: Hibernate Validator 6.2.0.Final 
2021-11-07 16:30:08,605 [main] INFO  o.s.c.c.c.ConfigServicePropertySourceLocator       - Fetching config from server at : http://localhost:8762 
2021-11-07 16:30:37,574 [main] INFO  o.s.c.c.c.ConfigServicePropertySourceLocator       - Located environment: name=customer-service-bank, profiles=[dev], label=null, version=c7ff51c9e75bd8cd21f3727db13506d8c3cb5513, state=null 
2021-11-07 16:30:37,581 [main] INFO  o.s.c.b.c.PropertySourceBootstrapConfiguration     - Located property source: [BootstrapPropertySource {name='bootstrapProperties-configClient'}, BootstrapPropertySource {name='bootstrapProperties-https://github.com/hiddro/configuration-config-bank/file:C:\Users\ddeck\AppData\Local\Temp\config-repo-8648398062977905516\customer-service-bank-dev.yml'}] 
2021-11-07 16:30:37,711 [main] INFO  m.c.b.MsCustomerBankApplicationTests               - The following profiles are active: dev 
2021-11-07 16:30:41,993 [main] INFO  o.s.d.r.c.RepositoryConfigurationDelegate          - Bootstrapping Spring Data Reactive MongoDB repositories in DEFAULT mode. 
2021-11-07 16:30:42,989 [main] INFO  o.s.d.r.c.RepositoryConfigurationDelegate          - Finished Spring Data repository scanning in 949 ms. Found 2 Reactive MongoDB repository interfaces. 
2021-11-07 16:30:43,674 [main] INFO  o.s.c.c.s.GenericScope                             - BeanFactory id=cfd9a3a7-8d03-3b04-a150-f91e7e5b7e80 
2021-11-07 16:30:45,165 [main] INFO  o.s.c.s.PostProcessorRegistrationDelegate$BeanPostProcessorChecker - Bean 'org.springframework.cloud.client.loadbalancer.reactive.LoadBalancerBeanPostProcessorAutoConfiguration' of type [org.springframework.cloud.client.loadbalancer.reactive.LoadBalancerBeanPostProcessorAutoConfiguration] is not eligible for getting processed by all BeanPostProcessors (for example: not eligible for auto-proxying) 
2021-11-07 16:30:45,173 [main] INFO  o.s.c.s.PostProcessorRegistrationDelegate$BeanPostProcessorChecker - Bean 'org.springframework.cloud.client.loadbalancer.reactive.LoadBalancerBeanPostProcessorAutoConfiguration$ReactorDeferringLoadBalancerFilterConfig' of type [org.springframework.cloud.client.loadbalancer.reactive.LoadBalancerBeanPostProcessorAutoConfiguration$ReactorDeferringLoadBalancerFilterConfig] is not eligible for getting processed by all BeanPostProcessors (for example: not eligible for auto-proxying) 
2021-11-07 16:30:45,194 [main] INFO  o.s.c.s.PostProcessorRegistrationDelegate$BeanPostProcessorChecker - Bean 'reactorDeferringLoadBalancerExchangeFilterFunction' of type [org.springframework.cloud.client.loadbalancer.reactive.DeferringLoadBalancerExchangeFilterFunction] is not eligible for getting processed by all BeanPostProcessors (for example: not eligible for auto-proxying) 
2021-11-07 16:30:48,782 [main] INFO  o.m.d.cluster                                      - Cluster created with settings {hosts=[localhost:27018], mode=SINGLE, requiredClusterType=UNKNOWN, serverSelectionTimeout='30000 ms'} 
2021-11-07 16:30:49,964 [main] WARN  o.s.d.c.CustomConversions                          - Registering converter from class java.time.LocalDateTime to class org.joda.time.LocalDateTime as reading converter although it doesn't convert from a store-supported type! You might want to check your annotation setup at the converter implementation. 
2021-11-07 16:30:50,410 [main] WARN  o.s.d.c.CustomConversions                          - Registering converter from class java.time.LocalDateTime to class org.joda.time.LocalDateTime as reading converter although it doesn't convert from a store-supported type! You might want to check your annotation setup at the converter implementation. 
2021-11-07 16:30:51,228 [cluster-rtt-ClusterId{value='61884588380af50bcab5257a', description='null'}-localhost:27018] INFO  o.m.d.connection                                   - Opened connection [connectionId{localValue:2, serverValue:8}] to localhost:27018 
2021-11-07 16:30:51,228 [cluster-ClusterId{value='61884588380af50bcab5257a', description='null'}-localhost:27018] INFO  o.m.d.connection                                   - Opened connection [connectionId{localValue:1, serverValue:7}] to localhost:27018 
2021-11-07 16:30:51,233 [cluster-ClusterId{value='61884588380af50bcab5257a', description='null'}-localhost:27018] INFO  o.m.d.cluster                                      - Monitor thread successfully connected to server with description ServerDescription{address=localhost:27018, type=STANDALONE, state=CONNECTED, ok=true, minWireVersion=0, maxWireVersion=13, maxDocumentSize=16777216, logicalSessionTimeoutMinutes=30, roundTripTimeNanos=717033500} 
2021-11-07 16:30:51,680 [nioEventLoopGroup-2-3] INFO  o.m.d.connection                                   - Opened connection [connectionId{localValue:3, serverValue:9}] to localhost:27018 
2021-11-07 16:31:01,962 [main] INFO  o.s.b.a.e.w.EndpointLinksResolver                  - Exposing 1 endpoint(s) beneath base path '/actuator' 
2021-11-07 16:31:03,710 [main] INFO  o.s.c.n.e.c.DiscoveryClientOptionalArgsConfiguration - Eureka HTTP Client uses RestTemplate. 
2021-11-07 16:31:04,029 [main] WARN  o.s.c.l.c.LoadBalancerCacheAutoConfiguration$LoadBalancerCaffeineWarnLogger - Spring Cloud LoadBalancer is currently working with the default cache. You can switch to using Caffeine cache, by adding it and org.springframework.cache.caffeine.CaffeineCacheManager to the classpath. 
2021-11-07 16:31:04,075 [main] INFO  o.s.c.n.e.InstanceInfoFactory                      - Setting initial instance status as: STARTING 
2021-11-07 16:31:04,317 [main] INFO  c.n.d.DiscoveryClient                              - Initializing Eureka in region us-east-1 
2021-11-07 16:31:04,381 [main] INFO  c.n.d.s.r.a.ConfigClusterResolver                  - Resolving eureka endpoints via configuration 
2021-11-07 16:31:04,507 [main] INFO  c.n.d.DiscoveryClient                              - Disable delta property : false 
2021-11-07 16:31:04,512 [main] INFO  c.n.d.DiscoveryClient                              - Single vip registry refresh property : null 
2021-11-07 16:31:04,512 [main] INFO  c.n.d.DiscoveryClient                              - Force full registry fetch : false 
2021-11-07 16:31:04,512 [main] INFO  c.n.d.DiscoveryClient                              - Application is null : false 
2021-11-07 16:31:04,512 [main] INFO  c.n.d.DiscoveryClient                              - Registered Applications size is zero : true 
2021-11-07 16:31:04,512 [main] INFO  c.n.d.DiscoveryClient                              - Application version is -1: true 
2021-11-07 16:31:04,513 [main] INFO  c.n.d.DiscoveryClient                              - Getting all instance registry info from the eureka server 
2021-11-07 16:31:06,748 [main] INFO  c.n.d.DiscoveryClient                              - The response status is 200 
2021-11-07 16:31:06,788 [main] INFO  c.n.d.DiscoveryClient                              - Starting heartbeat executor: renew interval is: 30 
2021-11-07 16:31:06,798 [main] INFO  c.n.d.InstanceInfoReplicator                       - InstanceInfoReplicator onDemand update allowed rate per min is 4 
2021-11-07 16:31:06,860 [main] INFO  c.n.d.DiscoveryClient                              - Discovery Client initialized at timestamp 1636320666816 with initial instances count: 1 
2021-11-07 16:31:06,894 [main] INFO  o.s.c.n.e.s.EurekaServiceRegistry                  - Registering application CUSTOMER-SERVICE-BANK with eureka with status UP 
2021-11-07 16:31:06,897 [main] INFO  c.n.d.DiscoveryClient                              - Saw local status change event StatusChangeEvent [timestamp=1636320666896, current=UP, previous=STARTING] 
2021-11-07 16:31:06,907 [DiscoveryClient-InstanceInfoReplicator-0] INFO  c.n.d.DiscoveryClient                              - DiscoveryClient_CUSTOMER-SERVICE-BANK/LAPTOP-E8INKJVT:customer-service-bank:8081: registering service... 
2021-11-07 16:31:07,010 [main] INFO  m.c.b.MsCustomerBankApplicationTests               - Started MsCustomerBankApplicationTests in 65.069 seconds (JVM running for 75.113) 
2021-11-07 16:31:07,416 [DiscoveryClient-InstanceInfoReplicator-0] INFO  c.n.d.DiscoveryClient                              - DiscoveryClient_CUSTOMER-SERVICE-BANK/LAPTOP-E8INKJVT:customer-service-bank:8081 - registration status: 204 
2021-11-07 16:31:10,549 [SpringApplicationShutdownHook] INFO  o.s.c.n.e.s.EurekaServiceRegistry                  - Unregistering application CUSTOMER-SERVICE-BANK with eureka with status DOWN 
2021-11-07 16:31:10,550 [SpringApplicationShutdownHook] INFO  c.n.d.DiscoveryClient                              - Saw local status change event StatusChangeEvent [timestamp=1636320670550, current=DOWN, previous=UP] 
2021-11-07 16:31:10,551 [DiscoveryClient-InstanceInfoReplicator-0] INFO  c.n.d.DiscoveryClient                              - DiscoveryClient_CUSTOMER-SERVICE-BANK/LAPTOP-E8INKJVT:customer-service-bank:8081: registering service... 
2021-11-07 16:31:10,651 [SpringApplicationShutdownHook] INFO  o.m.d.connection                                   - Closed connection [connectionId{localValue:3, serverValue:9}] to localhost:27018 because the pool has been closed. 
2021-11-07 16:31:10,666 [DiscoveryClient-InstanceInfoReplicator-0] INFO  c.n.d.DiscoveryClient                              - DiscoveryClient_CUSTOMER-SERVICE-BANK/LAPTOP-E8INKJVT:customer-service-bank:8081 - registration status: 204 
2021-11-07 16:31:12,764 [SpringApplicationShutdownHook] INFO  c.n.d.DiscoveryClient                              - Shutting down DiscoveryClient ... 
2021-11-07 16:31:15,773 [SpringApplicationShutdownHook] INFO  c.n.d.DiscoveryClient                              - Unregistering ... 
2021-11-07 16:31:15,843 [SpringApplicationShutdownHook] INFO  c.n.d.DiscoveryClient                              - DiscoveryClient_CUSTOMER-SERVICE-BANK/LAPTOP-E8INKJVT:customer-service-bank:8081 - deregister  status: 200 
2021-11-07 16:31:15,858 [SpringApplicationShutdownHook] INFO  c.n.d.DiscoveryClient                              - Completed shut down of DiscoveryClient 
2021-11-07 16:40:15,826 [main] INFO  o.s.b.t.c.SpringBootTestContextBootstrapper        - Neither @ContextConfiguration nor @ContextHierarchy found for test class [ms.customer.bank.MsCustomerBankApplicationTests], using SpringBootContextLoader 
2021-11-07 16:40:15,859 [main] INFO  o.s.t.c.s.AbstractContextLoader                    - Could not detect default resource locations for test class [ms.customer.bank.MsCustomerBankApplicationTests]: no resource found for suffixes {-context.xml, Context.groovy}. 
2021-11-07 16:40:15,868 [main] INFO  o.s.t.c.s.AnnotationConfigContextLoaderUtils       - Could not detect default configuration classes for test class [ms.customer.bank.MsCustomerBankApplicationTests]: MsCustomerBankApplicationTests does not declare any static, non-private, non-final, nested classes annotated with @Configuration. 
2021-11-07 16:40:16,406 [main] INFO  o.s.b.t.c.SpringBootTestContextBootstrapper        - Found @SpringBootConfiguration ms.customer.bank.MsCustomerBankApplication for test class ms.customer.bank.MsCustomerBankApplicationTests 
2021-11-07 16:40:16,677 [main] INFO  o.s.b.t.c.SpringBootTestContextBootstrapper        - Loaded default TestExecutionListener class names from location [META-INF/spring.factories]: [org.springframework.boot.test.mock.mockito.MockitoTestExecutionListener, org.springframework.boot.test.mock.mockito.ResetMocksTestExecutionListener, org.springframework.boot.test.autoconfigure.restdocs.RestDocsTestExecutionListener, org.springframework.boot.test.autoconfigure.web.client.MockRestServiceServerResetTestExecutionListener, org.springframework.boot.test.autoconfigure.web.servlet.MockMvcPrintOnlyOnFailureTestExecutionListener, org.springframework.boot.test.autoconfigure.web.servlet.WebDriverTestExecutionListener, org.springframework.boot.test.autoconfigure.webservices.client.MockWebServiceServerTestExecutionListener, org.springframework.test.context.web.ServletTestExecutionListener, org.springframework.test.context.support.DirtiesContextBeforeModesTestExecutionListener, org.springframework.test.context.event.ApplicationEventsTestExecutionListener, org.springframework.test.context.support.DependencyInjectionTestExecutionListener, org.springframework.test.context.support.DirtiesContextTestExecutionListener, org.springframework.test.context.transaction.TransactionalTestExecutionListener, org.springframework.test.context.jdbc.SqlScriptsTestExecutionListener, org.springframework.test.context.event.EventPublishingTestExecutionListener] 
2021-11-07 16:40:16,893 [main] INFO  o.s.b.t.c.SpringBootTestContextBootstrapper        - Using TestExecutionListeners: [org.springframework.test.context.support.DirtiesContextBeforeModesTestExecutionListener@1d470d0, org.springframework.test.context.event.ApplicationEventsTestExecutionListener@24d09c1, org.springframework.boot.test.mock.mockito.MockitoTestExecutionListener@54c62d71, org.springframework.boot.test.autoconfigure.SpringBootDependencyInjectionTestExecutionListener@65045a87, org.springframework.test.context.support.DirtiesContextTestExecutionListener@47f4e407, org.springframework.test.context.transaction.TransactionalTestExecutionListener@2d1dee39, org.springframework.test.context.jdbc.SqlScriptsTestExecutionListener@48d5f34e, org.springframework.test.context.event.EventPublishingTestExecutionListener@fc258b1, org.springframework.boot.test.mock.mockito.ResetMocksTestExecutionListener@6ff65192, org.springframework.boot.test.autoconfigure.restdocs.RestDocsTestExecutionListener@2dd80673, org.springframework.boot.test.autoconfigure.web.client.MockRestServiceServerResetTestExecutionListener@4af0df05, org.springframework.boot.test.autoconfigure.web.servlet.MockMvcPrintOnlyOnFailureTestExecutionListener@57ea113a, org.springframework.boot.test.autoconfigure.web.servlet.WebDriverTestExecutionListener@acdb094, org.springframework.boot.test.autoconfigure.webservices.client.MockWebServiceServerTestExecutionListener@674bd420] 
2021-11-07 16:40:18,642 [background-preinit] INFO  o.h.v.i.u.Version                                  - HV000001: Hibernate Validator 6.2.0.Final 
2021-11-07 16:40:20,587 [main] INFO  o.s.c.c.c.ConfigServicePropertySourceLocator       - Fetching config from server at : http://localhost:8762 
2021-11-07 16:40:32,626 [main] INFO  o.s.c.c.c.ConfigServicePropertySourceLocator       - Located environment: name=customer-service-bank, profiles=[dev], label=null, version=c7ff51c9e75bd8cd21f3727db13506d8c3cb5513, state=null 
2021-11-07 16:40:32,640 [main] INFO  o.s.c.b.c.PropertySourceBootstrapConfiguration     - Located property source: [BootstrapPropertySource {name='bootstrapProperties-configClient'}, BootstrapPropertySource {name='bootstrapProperties-https://github.com/hiddro/configuration-config-bank/file:C:\Users\ddeck\AppData\Local\Temp\config-repo-8648398062977905516\customer-service-bank-dev.yml'}] 
2021-11-07 16:40:32,781 [main] INFO  m.c.b.MsCustomerBankApplicationTests               - The following profiles are active: dev 
2021-11-07 16:40:36,010 [main] INFO  o.s.d.r.c.RepositoryConfigurationDelegate          - Bootstrapping Spring Data Reactive MongoDB repositories in DEFAULT mode. 
2021-11-07 16:40:36,800 [main] INFO  o.s.d.r.c.RepositoryConfigurationDelegate          - Finished Spring Data repository scanning in 753 ms. Found 2 Reactive MongoDB repository interfaces. 
2021-11-07 16:40:37,574 [main] INFO  o.s.c.c.s.GenericScope                             - BeanFactory id=cfd9a3a7-8d03-3b04-a150-f91e7e5b7e80 
2021-11-07 16:40:42,168 [main] INFO  o.s.c.s.PostProcessorRegistrationDelegate$BeanPostProcessorChecker - Bean 'org.springframework.cloud.client.loadbalancer.reactive.LoadBalancerBeanPostProcessorAutoConfiguration' of type [org.springframework.cloud.client.loadbalancer.reactive.LoadBalancerBeanPostProcessorAutoConfiguration] is not eligible for getting processed by all BeanPostProcessors (for example: not eligible for auto-proxying) 
2021-11-07 16:40:42,172 [main] INFO  o.s.c.s.PostProcessorRegistrationDelegate$BeanPostProcessorChecker - Bean 'org.springframework.cloud.client.loadbalancer.reactive.LoadBalancerBeanPostProcessorAutoConfiguration$ReactorDeferringLoadBalancerFilterConfig' of type [org.springframework.cloud.client.loadbalancer.reactive.LoadBalancerBeanPostProcessorAutoConfiguration$ReactorDeferringLoadBalancerFilterConfig] is not eligible for getting processed by all BeanPostProcessors (for example: not eligible for auto-proxying) 
2021-11-07 16:40:42,177 [main] INFO  o.s.c.s.PostProcessorRegistrationDelegate$BeanPostProcessorChecker - Bean 'reactorDeferringLoadBalancerExchangeFilterFunction' of type [org.springframework.cloud.client.loadbalancer.reactive.DeferringLoadBalancerExchangeFilterFunction] is not eligible for getting processed by all BeanPostProcessors (for example: not eligible for auto-proxying) 
2021-11-07 16:40:44,555 [main] INFO  o.m.d.cluster                                      - Cluster created with settings {hosts=[localhost:27018], mode=SINGLE, requiredClusterType=UNKNOWN, serverSelectionTimeout='30000 ms'} 
2021-11-07 16:40:45,330 [main] WARN  o.s.d.c.CustomConversions                          - Registering converter from class java.time.LocalDateTime to class org.joda.time.LocalDateTime as reading converter although it doesn't convert from a store-supported type! You might want to check your annotation setup at the converter implementation. 
2021-11-07 16:40:45,935 [main] WARN  o.s.d.c.CustomConversions                          - Registering converter from class java.time.LocalDateTime to class org.joda.time.LocalDateTime as reading converter although it doesn't convert from a store-supported type! You might want to check your annotation setup at the converter implementation. 
2021-11-07 16:40:46,789 [cluster-ClusterId{value='618847dc369ea026bfd5fc12', description='null'}-localhost:27018] INFO  o.m.d.connection                                   - Opened connection [connectionId{localValue:1, serverValue:11}] to localhost:27018 
2021-11-07 16:40:46,789 [cluster-rtt-ClusterId{value='618847dc369ea026bfd5fc12', description='null'}-localhost:27018] INFO  o.m.d.connection                                   - Opened connection [connectionId{localValue:2, serverValue:10}] to localhost:27018 
2021-11-07 16:40:46,790 [cluster-ClusterId{value='618847dc369ea026bfd5fc12', description='null'}-localhost:27018] INFO  o.m.d.cluster                                      - Monitor thread successfully connected to server with description ServerDescription{address=localhost:27018, type=STANDALONE, state=CONNECTED, ok=true, minWireVersion=0, maxWireVersion=13, maxDocumentSize=16777216, logicalSessionTimeoutMinutes=30, roundTripTimeNanos=291709600} 
2021-11-07 16:40:51,093 [nioEventLoopGroup-2-3] INFO  o.m.d.connection                                   - Opened connection [connectionId{localValue:3, serverValue:12}] to localhost:27018 
2021-11-07 16:41:00,628 [main] INFO  o.s.b.a.e.w.EndpointLinksResolver                  - Exposing 1 endpoint(s) beneath base path '/actuator' 
2021-11-07 16:41:02,238 [main] INFO  o.s.c.n.e.c.DiscoveryClientOptionalArgsConfiguration - Eureka HTTP Client uses RestTemplate. 
2021-11-07 16:41:02,643 [main] WARN  o.s.c.l.c.LoadBalancerCacheAutoConfiguration$LoadBalancerCaffeineWarnLogger - Spring Cloud LoadBalancer is currently working with the default cache. You can switch to using Caffeine cache, by adding it and org.springframework.cache.caffeine.CaffeineCacheManager to the classpath. 
2021-11-07 16:41:02,675 [main] INFO  o.s.c.n.e.InstanceInfoFactory                      - Setting initial instance status as: STARTING 
2021-11-07 16:41:05,351 [main] INFO  c.n.d.DiscoveryClient                              - Initializing Eureka in region us-east-1 
2021-11-07 16:41:05,536 [main] INFO  c.n.d.s.r.a.ConfigClusterResolver                  - Resolving eureka endpoints via configuration 
2021-11-07 16:41:06,084 [main] INFO  c.n.d.DiscoveryClient                              - Disable delta property : false 
2021-11-07 16:41:06,086 [main] INFO  c.n.d.DiscoveryClient                              - Single vip registry refresh property : null 
2021-11-07 16:41:06,087 [main] INFO  c.n.d.DiscoveryClient                              - Force full registry fetch : false 
2021-11-07 16:41:06,088 [main] INFO  c.n.d.DiscoveryClient                              - Application is null : false 
2021-11-07 16:41:06,089 [main] INFO  c.n.d.DiscoveryClient                              - Registered Applications size is zero : true 
2021-11-07 16:41:06,090 [main] INFO  c.n.d.DiscoveryClient                              - Application version is -1: true 
2021-11-07 16:41:06,090 [main] INFO  c.n.d.DiscoveryClient                              - Getting all instance registry info from the eureka server 
2021-11-07 16:41:07,738 [main] INFO  c.n.d.DiscoveryClient                              - The response status is 200 
2021-11-07 16:41:07,771 [main] INFO  c.n.d.DiscoveryClient                              - Starting heartbeat executor: renew interval is: 30 
2021-11-07 16:41:07,780 [main] INFO  c.n.d.InstanceInfoReplicator                       - InstanceInfoReplicator onDemand update allowed rate per min is 4 
2021-11-07 16:41:07,817 [main] INFO  c.n.d.DiscoveryClient                              - Discovery Client initialized at timestamp 1636321267795 with initial instances count: 1 
2021-11-07 16:41:07,844 [main] INFO  o.s.c.n.e.s.EurekaServiceRegistry                  - Registering application CUSTOMER-SERVICE-BANK with eureka with status UP 
2021-11-07 16:41:07,847 [main] INFO  c.n.d.DiscoveryClient                              - Saw local status change event StatusChangeEvent [timestamp=1636321267847, current=UP, previous=STARTING] 
2021-11-07 16:41:07,855 [DiscoveryClient-InstanceInfoReplicator-0] INFO  c.n.d.DiscoveryClient                              - DiscoveryClient_CUSTOMER-SERVICE-BANK/LAPTOP-E8INKJVT:customer-service-bank:8081: registering service... 
2021-11-07 16:41:07,926 [main] INFO  m.c.b.MsCustomerBankApplicationTests               - Started MsCustomerBankApplicationTests in 50.862 seconds (JVM running for 57.72) 
2021-11-07 16:41:08,148 [DiscoveryClient-InstanceInfoReplicator-0] INFO  c.n.d.DiscoveryClient                              - DiscoveryClient_CUSTOMER-SERVICE-BANK/LAPTOP-E8INKJVT:customer-service-bank:8081 - registration status: 204 
2021-11-07 16:41:10,345 [SpringApplicationShutdownHook] INFO  o.s.c.n.e.s.EurekaServiceRegistry                  - Unregistering application CUSTOMER-SERVICE-BANK with eureka with status DOWN 
2021-11-07 16:41:10,346 [SpringApplicationShutdownHook] INFO  c.n.d.DiscoveryClient                              - Saw local status change event StatusChangeEvent [timestamp=1636321270346, current=DOWN, previous=UP] 
2021-11-07 16:41:10,347 [DiscoveryClient-InstanceInfoReplicator-0] INFO  c.n.d.DiscoveryClient                              - DiscoveryClient_CUSTOMER-SERVICE-BANK/LAPTOP-E8INKJVT:customer-service-bank:8081: registering service... 
2021-11-07 16:41:10,387 [DiscoveryClient-InstanceInfoReplicator-0] INFO  c.n.d.DiscoveryClient                              - DiscoveryClient_CUSTOMER-SERVICE-BANK/LAPTOP-E8INKJVT:customer-service-bank:8081 - registration status: 204 
2021-11-07 16:41:10,411 [SpringApplicationShutdownHook] INFO  o.m.d.connection                                   - Closed connection [connectionId{localValue:3, serverValue:12}] to localhost:27018 because the pool has been closed. 
2021-11-07 16:41:12,520 [SpringApplicationShutdownHook] INFO  c.n.d.DiscoveryClient                              - Shutting down DiscoveryClient ... 
2021-11-07 16:41:15,534 [SpringApplicationShutdownHook] INFO  c.n.d.DiscoveryClient                              - Unregistering ... 
2021-11-07 16:41:15,574 [SpringApplicationShutdownHook] INFO  c.n.d.DiscoveryClient                              - DiscoveryClient_CUSTOMER-SERVICE-BANK/LAPTOP-E8INKJVT:customer-service-bank:8081 - deregister  status: 200 
2021-11-07 16:41:15,592 [SpringApplicationShutdownHook] INFO  c.n.d.DiscoveryClient                              - Completed shut down of DiscoveryClient 
2021-11-07 16:45:53,205 [main] INFO  o.s.b.t.c.SpringBootTestContextBootstrapper        - Neither @ContextConfiguration nor @ContextHierarchy found for test class [ms.customer.bank.MsCustomerBankApplicationTests], using SpringBootContextLoader 
2021-11-07 16:45:53,226 [main] INFO  o.s.t.c.s.AbstractContextLoader                    - Could not detect default resource locations for test class [ms.customer.bank.MsCustomerBankApplicationTests]: no resource found for suffixes {-context.xml, Context.groovy}. 
2021-11-07 16:45:53,230 [main] INFO  o.s.t.c.s.AnnotationConfigContextLoaderUtils       - Could not detect default configuration classes for test class [ms.customer.bank.MsCustomerBankApplicationTests]: MsCustomerBankApplicationTests does not declare any static, non-private, non-final, nested classes annotated with @Configuration. 
2021-11-07 16:45:53,443 [main] INFO  o.s.b.t.c.SpringBootTestContextBootstrapper        - Found @SpringBootConfiguration ms.customer.bank.MsCustomerBankApplication for test class ms.customer.bank.MsCustomerBankApplicationTests 
2021-11-07 16:45:53,663 [main] INFO  o.s.b.t.c.SpringBootTestContextBootstrapper        - Loaded default TestExecutionListener class names from location [META-INF/spring.factories]: [org.springframework.boot.test.mock.mockito.MockitoTestExecutionListener, org.springframework.boot.test.mock.mockito.ResetMocksTestExecutionListener, org.springframework.boot.test.autoconfigure.restdocs.RestDocsTestExecutionListener, org.springframework.boot.test.autoconfigure.web.client.MockRestServiceServerResetTestExecutionListener, org.springframework.boot.test.autoconfigure.web.servlet.MockMvcPrintOnlyOnFailureTestExecutionListener, org.springframework.boot.test.autoconfigure.web.servlet.WebDriverTestExecutionListener, org.springframework.boot.test.autoconfigure.webservices.client.MockWebServiceServerTestExecutionListener, org.springframework.test.context.web.ServletTestExecutionListener, org.springframework.test.context.support.DirtiesContextBeforeModesTestExecutionListener, org.springframework.test.context.event.ApplicationEventsTestExecutionListener, org.springframework.test.context.support.DependencyInjectionTestExecutionListener, org.springframework.test.context.support.DirtiesContextTestExecutionListener, org.springframework.test.context.transaction.TransactionalTestExecutionListener, org.springframework.test.context.jdbc.SqlScriptsTestExecutionListener, org.springframework.test.context.event.EventPublishingTestExecutionListener] 
2021-11-07 16:45:53,747 [main] INFO  o.s.b.t.c.SpringBootTestContextBootstrapper        - Using TestExecutionListeners: [org.springframework.test.context.support.DirtiesContextBeforeModesTestExecutionListener@31000e60, org.springframework.test.context.event.ApplicationEventsTestExecutionListener@1d470d0, org.springframework.boot.test.mock.mockito.MockitoTestExecutionListener@24d09c1, org.springframework.boot.test.autoconfigure.SpringBootDependencyInjectionTestExecutionListener@54c62d71, org.springframework.test.context.support.DirtiesContextTestExecutionListener@65045a87, org.springframework.test.context.transaction.TransactionalTestExecutionListener@47f4e407, org.springframework.test.context.jdbc.SqlScriptsTestExecutionListener@2d1dee39, org.springframework.test.context.event.EventPublishingTestExecutionListener@48d5f34e, org.springframework.boot.test.mock.mockito.ResetMocksTestExecutionListener@fc258b1, org.springframework.boot.test.autoconfigure.restdocs.RestDocsTestExecutionListener@6ff65192, org.springframework.boot.test.autoconfigure.web.client.MockRestServiceServerResetTestExecutionListener@2dd80673, org.springframework.boot.test.autoconfigure.web.servlet.MockMvcPrintOnlyOnFailureTestExecutionListener@4af0df05, org.springframework.boot.test.autoconfigure.web.servlet.WebDriverTestExecutionListener@57ea113a, org.springframework.boot.test.autoconfigure.webservices.client.MockWebServiceServerTestExecutionListener@acdb094] 
2021-11-07 16:45:55,398 [background-preinit] INFO  o.h.v.i.u.Version                                  - HV000001: Hibernate Validator 6.2.0.Final 
2021-11-07 16:45:57,284 [main] INFO  o.s.c.c.c.ConfigServicePropertySourceLocator       - Fetching config from server at : http://localhost:8762 
2021-11-07 16:46:00,640 [main] INFO  o.s.c.c.c.ConfigServicePropertySourceLocator       - Located environment: name=customer-service-bank, profiles=[dev], label=null, version=c7ff51c9e75bd8cd21f3727db13506d8c3cb5513, state=null 
2021-11-07 16:46:00,655 [main] INFO  o.s.c.b.c.PropertySourceBootstrapConfiguration     - Located property source: [BootstrapPropertySource {name='bootstrapProperties-configClient'}, BootstrapPropertySource {name='bootstrapProperties-https://github.com/hiddro/configuration-config-bank/file:C:\Users\ddeck\AppData\Local\Temp\config-repo-8648398062977905516\customer-service-bank-dev.yml'}] 
2021-11-07 16:46:00,710 [main] INFO  m.c.b.MsCustomerBankApplicationTests               - The following profiles are active: dev 
2021-11-07 16:46:01,984 [main] INFO  o.s.d.r.c.RepositoryConfigurationDelegate          - Bootstrapping Spring Data Reactive MongoDB repositories in DEFAULT mode. 
2021-11-07 16:46:02,299 [main] INFO  o.s.d.r.c.RepositoryConfigurationDelegate          - Finished Spring Data repository scanning in 305 ms. Found 2 Reactive MongoDB repository interfaces. 
2021-11-07 16:46:02,715 [main] INFO  o.s.c.c.s.GenericScope                             - BeanFactory id=cfd9a3a7-8d03-3b04-a150-f91e7e5b7e80 
2021-11-07 16:46:03,125 [main] INFO  o.s.c.s.PostProcessorRegistrationDelegate$BeanPostProcessorChecker - Bean 'org.springframework.cloud.client.loadbalancer.reactive.LoadBalancerBeanPostProcessorAutoConfiguration' of type [org.springframework.cloud.client.loadbalancer.reactive.LoadBalancerBeanPostProcessorAutoConfiguration] is not eligible for getting processed by all BeanPostProcessors (for example: not eligible for auto-proxying) 
2021-11-07 16:46:03,132 [main] INFO  o.s.c.s.PostProcessorRegistrationDelegate$BeanPostProcessorChecker - Bean 'org.springframework.cloud.client.loadbalancer.reactive.LoadBalancerBeanPostProcessorAutoConfiguration$ReactorDeferringLoadBalancerFilterConfig' of type [org.springframework.cloud.client.loadbalancer.reactive.LoadBalancerBeanPostProcessorAutoConfiguration$ReactorDeferringLoadBalancerFilterConfig] is not eligible for getting processed by all BeanPostProcessors (for example: not eligible for auto-proxying) 
2021-11-07 16:46:03,138 [main] INFO  o.s.c.s.PostProcessorRegistrationDelegate$BeanPostProcessorChecker - Bean 'reactorDeferringLoadBalancerExchangeFilterFunction' of type [org.springframework.cloud.client.loadbalancer.reactive.DeferringLoadBalancerExchangeFilterFunction] is not eligible for getting processed by all BeanPostProcessors (for example: not eligible for auto-proxying) 
2021-11-07 16:46:04,566 [main] INFO  o.m.d.cluster                                      - Cluster created with settings {hosts=[localhost:27018], mode=SINGLE, requiredClusterType=UNKNOWN, serverSelectionTimeout='30000 ms'} 
2021-11-07 16:46:04,841 [main] WARN  o.s.d.c.CustomConversions                          - Registering converter from class java.time.LocalDateTime to class org.joda.time.LocalDateTime as reading converter although it doesn't convert from a store-supported type! You might want to check your annotation setup at the converter implementation. 
2021-11-07 16:46:05,125 [main] WARN  o.s.d.c.CustomConversions                          - Registering converter from class java.time.LocalDateTime to class org.joda.time.LocalDateTime as reading converter although it doesn't convert from a store-supported type! You might want to check your annotation setup at the converter implementation. 
2021-11-07 16:46:10,293 [cluster-ClusterId{value='6188491cb0c1c3476d76cb09', description='null'}-localhost:27018] INFO  o.m.d.connection                                   - Opened connection [connectionId{localValue:1, serverValue:14}] to localhost:27018 
2021-11-07 16:46:10,293 [cluster-rtt-ClusterId{value='6188491cb0c1c3476d76cb09', description='null'}-localhost:27018] INFO  o.m.d.connection                                   - Opened connection [connectionId{localValue:2, serverValue:13}] to localhost:27018 
2021-11-07 16:46:10,310 [cluster-ClusterId{value='6188491cb0c1c3476d76cb09', description='null'}-localhost:27018] INFO  o.m.d.cluster                                      - Monitor thread successfully connected to server with description ServerDescription{address=localhost:27018, type=STANDALONE, state=CONNECTED, ok=true, minWireVersion=0, maxWireVersion=13, maxDocumentSize=16777216, logicalSessionTimeoutMinutes=30, roundTripTimeNanos=1516382200} 
2021-11-07 16:46:10,822 [nioEventLoopGroup-2-3] INFO  o.m.d.connection                                   - Opened connection [connectionId{localValue:3, serverValue:15}] to localhost:27018 
2021-11-07 16:46:15,983 [main] INFO  o.s.b.a.e.w.EndpointLinksResolver                  - Exposing 1 endpoint(s) beneath base path '/actuator' 
2021-11-07 16:46:20,798 [main] INFO  o.s.c.n.e.c.DiscoveryClientOptionalArgsConfiguration - Eureka HTTP Client uses RestTemplate. 
2021-11-07 16:46:21,124 [main] WARN  o.s.c.l.c.LoadBalancerCacheAutoConfiguration$LoadBalancerCaffeineWarnLogger - Spring Cloud LoadBalancer is currently working with the default cache. You can switch to using Caffeine cache, by adding it and org.springframework.cache.caffeine.CaffeineCacheManager to the classpath. 
2021-11-07 16:46:21,180 [main] INFO  o.s.c.n.e.InstanceInfoFactory                      - Setting initial instance status as: STARTING 
2021-11-07 16:46:21,481 [main] INFO  c.n.d.DiscoveryClient                              - Initializing Eureka in region us-east-1 
2021-11-07 16:46:21,501 [main] INFO  c.n.d.s.r.a.ConfigClusterResolver                  - Resolving eureka endpoints via configuration 
2021-11-07 16:46:21,617 [main] INFO  c.n.d.DiscoveryClient                              - Disable delta property : false 
2021-11-07 16:46:21,618 [main] INFO  c.n.d.DiscoveryClient                              - Single vip registry refresh property : null 
2021-11-07 16:46:21,618 [main] INFO  c.n.d.DiscoveryClient                              - Force full registry fetch : false 
2021-11-07 16:46:21,618 [main] INFO  c.n.d.DiscoveryClient                              - Application is null : false 
2021-11-07 16:46:21,618 [main] INFO  c.n.d.DiscoveryClient                              - Registered Applications size is zero : true 
2021-11-07 16:46:21,619 [main] INFO  c.n.d.DiscoveryClient                              - Application version is -1: true 
2021-11-07 16:46:21,619 [main] INFO  c.n.d.DiscoveryClient                              - Getting all instance registry info from the eureka server 
2021-11-07 16:46:22,434 [main] INFO  c.n.d.DiscoveryClient                              - The response status is 200 
2021-11-07 16:46:22,439 [main] INFO  c.n.d.DiscoveryClient                              - Starting heartbeat executor: renew interval is: 30 
2021-11-07 16:46:22,446 [main] INFO  c.n.d.InstanceInfoReplicator                       - InstanceInfoReplicator onDemand update allowed rate per min is 4 
2021-11-07 16:46:22,454 [main] INFO  c.n.d.DiscoveryClient                              - Discovery Client initialized at timestamp 1636321582453 with initial instances count: 1 
2021-11-07 16:46:22,466 [main] INFO  o.s.c.n.e.s.EurekaServiceRegistry                  - Registering application CUSTOMER-SERVICE-BANK with eureka with status UP 
2021-11-07 16:46:22,468 [main] INFO  c.n.d.DiscoveryClient                              - Saw local status change event StatusChangeEvent [timestamp=1636321582468, current=UP, previous=STARTING] 
2021-11-07 16:46:22,472 [DiscoveryClient-InstanceInfoReplicator-0] INFO  c.n.d.DiscoveryClient                              - DiscoveryClient_CUSTOMER-SERVICE-BANK/LAPTOP-E8INKJVT:customer-service-bank:8081: registering service... 
2021-11-07 16:46:22,509 [main] INFO  m.c.b.MsCustomerBankApplicationTests               - Started MsCustomerBankApplicationTests in 28.668 seconds (JVM running for 31.77) 
2021-11-07 16:46:22,581 [DiscoveryClient-InstanceInfoReplicator-0] INFO  c.n.d.DiscoveryClient                              - DiscoveryClient_CUSTOMER-SERVICE-BANK/LAPTOP-E8INKJVT:customer-service-bank:8081 - registration status: 204 
2021-11-07 16:46:24,407 [SpringApplicationShutdownHook] INFO  o.s.c.n.e.s.EurekaServiceRegistry                  - Unregistering application CUSTOMER-SERVICE-BANK with eureka with status DOWN 
2021-11-07 16:46:24,409 [SpringApplicationShutdownHook] INFO  c.n.d.DiscoveryClient                              - Saw local status change event StatusChangeEvent [timestamp=1636321584409, current=DOWN, previous=UP] 
2021-11-07 16:46:24,409 [DiscoveryClient-InstanceInfoReplicator-0] INFO  c.n.d.DiscoveryClient                              - DiscoveryClient_CUSTOMER-SERVICE-BANK/LAPTOP-E8INKJVT:customer-service-bank:8081: registering service... 
2021-11-07 16:46:24,439 [DiscoveryClient-InstanceInfoReplicator-0] INFO  c.n.d.DiscoveryClient                              - DiscoveryClient_CUSTOMER-SERVICE-BANK/LAPTOP-E8INKJVT:customer-service-bank:8081 - registration status: 204 
2021-11-07 16:46:24,440 [SpringApplicationShutdownHook] INFO  o.m.d.connection                                   - Closed connection [connectionId{localValue:3, serverValue:15}] to localhost:27018 because the pool has been closed. 
2021-11-07 16:46:26,526 [SpringApplicationShutdownHook] INFO  c.n.d.DiscoveryClient                              - Shutting down DiscoveryClient ... 
2021-11-07 16:46:29,542 [SpringApplicationShutdownHook] INFO  c.n.d.DiscoveryClient                              - Unregistering ... 
2021-11-07 16:46:29,601 [SpringApplicationShutdownHook] INFO  c.n.d.DiscoveryClient                              - DiscoveryClient_CUSTOMER-SERVICE-BANK/LAPTOP-E8INKJVT:customer-service-bank:8081 - deregister  status: 200 
2021-11-07 16:46:29,618 [SpringApplicationShutdownHook] INFO  c.n.d.DiscoveryClient                              - Completed shut down of DiscoveryClient 
2021-11-07 17:04:47,333 [main] INFO  o.s.b.t.c.SpringBootTestContextBootstrapper        - Neither @ContextConfiguration nor @ContextHierarchy found for test class [ms.customer.bank.MsCustomerBankApplicationTests], using SpringBootContextLoader 
2021-11-07 17:04:47,341 [main] INFO  o.s.t.c.s.AbstractContextLoader                    - Could not detect default resource locations for test class [ms.customer.bank.MsCustomerBankApplicationTests]: no resource found for suffixes {-context.xml, Context.groovy}. 
2021-11-07 17:04:47,342 [main] INFO  o.s.t.c.s.AnnotationConfigContextLoaderUtils       - Could not detect default configuration classes for test class [ms.customer.bank.MsCustomerBankApplicationTests]: MsCustomerBankApplicationTests does not declare any static, non-private, non-final, nested classes annotated with @Configuration. 
2021-11-07 17:04:47,485 [main] INFO  o.s.b.t.c.SpringBootTestContextBootstrapper        - Found @SpringBootConfiguration ms.customer.bank.MsCustomerBankApplication for test class ms.customer.bank.MsCustomerBankApplicationTests 
2021-11-07 17:04:47,609 [main] INFO  o.s.b.t.c.SpringBootTestContextBootstrapper        - Loaded default TestExecutionListener class names from location [META-INF/spring.factories]: [org.springframework.boot.test.mock.mockito.MockitoTestExecutionListener, org.springframework.boot.test.mock.mockito.ResetMocksTestExecutionListener, org.springframework.boot.test.autoconfigure.restdocs.RestDocsTestExecutionListener, org.springframework.boot.test.autoconfigure.web.client.MockRestServiceServerResetTestExecutionListener, org.springframework.boot.test.autoconfigure.web.servlet.MockMvcPrintOnlyOnFailureTestExecutionListener, org.springframework.boot.test.autoconfigure.web.servlet.WebDriverTestExecutionListener, org.springframework.boot.test.autoconfigure.webservices.client.MockWebServiceServerTestExecutionListener, org.springframework.test.context.web.ServletTestExecutionListener, org.springframework.test.context.support.DirtiesContextBeforeModesTestExecutionListener, org.springframework.test.context.event.ApplicationEventsTestExecutionListener, org.springframework.test.context.support.DependencyInjectionTestExecutionListener, org.springframework.test.context.support.DirtiesContextTestExecutionListener, org.springframework.test.context.transaction.TransactionalTestExecutionListener, org.springframework.test.context.jdbc.SqlScriptsTestExecutionListener, org.springframework.test.context.event.EventPublishingTestExecutionListener] 
2021-11-07 17:04:47,660 [main] INFO  o.s.b.t.c.SpringBootTestContextBootstrapper        - Using TestExecutionListeners: [org.springframework.test.context.support.DirtiesContextBeforeModesTestExecutionListener@2002348, org.springframework.test.context.event.ApplicationEventsTestExecutionListener@5911e990, org.springframework.boot.test.mock.mockito.MockitoTestExecutionListener@31000e60, org.springframework.boot.test.autoconfigure.SpringBootDependencyInjectionTestExecutionListener@1d470d0, org.springframework.test.context.support.DirtiesContextTestExecutionListener@24d09c1, org.springframework.test.context.transaction.TransactionalTestExecutionListener@54c62d71, org.springframework.test.context.jdbc.SqlScriptsTestExecutionListener@65045a87, org.springframework.test.context.event.EventPublishingTestExecutionListener@47f4e407, org.springframework.boot.test.mock.mockito.ResetMocksTestExecutionListener@2d1dee39, org.springframework.boot.test.autoconfigure.restdocs.RestDocsTestExecutionListener@48d5f34e, org.springframework.boot.test.autoconfigure.web.client.MockRestServiceServerResetTestExecutionListener@fc258b1, org.springframework.boot.test.autoconfigure.web.servlet.MockMvcPrintOnlyOnFailureTestExecutionListener@6ff65192, org.springframework.boot.test.autoconfigure.web.servlet.WebDriverTestExecutionListener@2dd80673, org.springframework.boot.test.autoconfigure.webservices.client.MockWebServiceServerTestExecutionListener@4af0df05] 
2021-11-07 17:04:48,460 [background-preinit] INFO  o.h.v.i.u.Version                                  - HV000001: Hibernate Validator 6.2.0.Final 
2021-11-07 17:04:49,450 [main] INFO  o.s.c.c.c.ConfigServicePropertySourceLocator       - Fetching config from server at : http://localhost:8762 
2021-11-07 17:04:51,255 [main] INFO  o.s.c.c.c.ConfigServicePropertySourceLocator       - Located environment: name=customer-service-bank, profiles=[dev], label=null, version=c7ff51c9e75bd8cd21f3727db13506d8c3cb5513, state=null 
2021-11-07 17:04:51,256 [main] INFO  o.s.c.b.c.PropertySourceBootstrapConfiguration     - Located property source: [BootstrapPropertySource {name='bootstrapProperties-configClient'}, BootstrapPropertySource {name='bootstrapProperties-https://github.com/hiddro/configuration-config-bank/file:C:\Users\ddeck\AppData\Local\Temp\config-repo-8648398062977905516\customer-service-bank-dev.yml'}] 
2021-11-07 17:04:51,272 [main] INFO  m.c.b.MsCustomerBankApplicationTests               - The following profiles are active: dev 
2021-11-07 17:04:52,066 [main] INFO  o.s.d.r.c.RepositoryConfigurationDelegate          - Bootstrapping Spring Data Reactive MongoDB repositories in DEFAULT mode. 
2021-11-07 17:04:52,270 [main] INFO  o.s.d.r.c.RepositoryConfigurationDelegate          - Finished Spring Data repository scanning in 198 ms. Found 2 Reactive MongoDB repository interfaces. 
2021-11-07 17:04:52,625 [main] INFO  o.s.c.c.s.GenericScope                             - BeanFactory id=cfd9a3a7-8d03-3b04-a150-f91e7e5b7e80 
2021-11-07 17:04:53,533 [main] INFO  o.s.c.s.PostProcessorRegistrationDelegate$BeanPostProcessorChecker - Bean 'org.springframework.cloud.client.loadbalancer.reactive.LoadBalancerBeanPostProcessorAutoConfiguration' of type [org.springframework.cloud.client.loadbalancer.reactive.LoadBalancerBeanPostProcessorAutoConfiguration] is not eligible for getting processed by all BeanPostProcessors (for example: not eligible for auto-proxying) 
2021-11-07 17:04:53,536 [main] INFO  o.s.c.s.PostProcessorRegistrationDelegate$BeanPostProcessorChecker - Bean 'org.springframework.cloud.client.loadbalancer.reactive.LoadBalancerBeanPostProcessorAutoConfiguration$ReactorDeferringLoadBalancerFilterConfig' of type [org.springframework.cloud.client.loadbalancer.reactive.LoadBalancerBeanPostProcessorAutoConfiguration$ReactorDeferringLoadBalancerFilterConfig] is not eligible for getting processed by all BeanPostProcessors (for example: not eligible for auto-proxying) 
2021-11-07 17:04:53,539 [main] INFO  o.s.c.s.PostProcessorRegistrationDelegate$BeanPostProcessorChecker - Bean 'reactorDeferringLoadBalancerExchangeFilterFunction' of type [org.springframework.cloud.client.loadbalancer.reactive.DeferringLoadBalancerExchangeFilterFunction] is not eligible for getting processed by all BeanPostProcessors (for example: not eligible for auto-proxying) 
2021-11-07 17:04:57,574 [main] INFO  o.m.d.cluster                                      - Cluster created with settings {hosts=[localhost:27018], mode=SINGLE, requiredClusterType=UNKNOWN, serverSelectionTimeout='30000 ms'} 
2021-11-07 17:04:58,128 [main] WARN  o.s.d.c.CustomConversions                          - Registering converter from class java.time.LocalDateTime to class org.joda.time.LocalDateTime as reading converter although it doesn't convert from a store-supported type! You might want to check your annotation setup at the converter implementation. 
2021-11-07 17:04:58,772 [cluster-rtt-ClusterId{value='61884d89c6c07342e38aa871', description='null'}-localhost:27018] INFO  o.m.d.connection                                   - Opened connection [connectionId{localValue:2, serverValue:17}] to localhost:27018 
2021-11-07 17:04:58,772 [cluster-ClusterId{value='61884d89c6c07342e38aa871', description='null'}-localhost:27018] INFO  o.m.d.connection                                   - Opened connection [connectionId{localValue:1, serverValue:16}] to localhost:27018 
2021-11-07 17:04:58,773 [cluster-ClusterId{value='61884d89c6c07342e38aa871', description='null'}-localhost:27018] INFO  o.m.d.cluster                                      - Monitor thread successfully connected to server with description ServerDescription{address=localhost:27018, type=STANDALONE, state=CONNECTED, ok=true, minWireVersion=0, maxWireVersion=13, maxDocumentSize=16777216, logicalSessionTimeoutMinutes=30, roundTripTimeNanos=153782200} 
2021-11-07 17:04:58,822 [main] WARN  o.s.d.c.CustomConversions                          - Registering converter from class java.time.LocalDateTime to class org.joda.time.LocalDateTime as reading converter although it doesn't convert from a store-supported type! You might want to check your annotation setup at the converter implementation. 
2021-11-07 17:04:59,646 [nioEventLoopGroup-2-3] INFO  o.m.d.connection                                   - Opened connection [connectionId{localValue:3, serverValue:18}] to localhost:27018 
2021-11-07 17:05:02,857 [main] INFO  o.s.b.a.e.w.EndpointLinksResolver                  - Exposing 1 endpoint(s) beneath base path '/actuator' 
2021-11-07 17:05:03,933 [main] INFO  o.s.c.n.e.c.DiscoveryClientOptionalArgsConfiguration - Eureka HTTP Client uses RestTemplate. 
2021-11-07 17:05:04,127 [main] WARN  o.s.c.l.c.LoadBalancerCacheAutoConfiguration$LoadBalancerCaffeineWarnLogger - Spring Cloud LoadBalancer is currently working with the default cache. You can switch to using Caffeine cache, by adding it and org.springframework.cache.caffeine.CaffeineCacheManager to the classpath. 
2021-11-07 17:05:04,176 [main] INFO  o.s.c.n.e.InstanceInfoFactory                      - Setting initial instance status as: STARTING 
2021-11-07 17:05:04,366 [main] INFO  c.n.d.DiscoveryClient                              - Initializing Eureka in region us-east-1 
2021-11-07 17:05:04,380 [main] INFO  c.n.d.s.r.a.ConfigClusterResolver                  - Resolving eureka endpoints via configuration 
2021-11-07 17:05:04,412 [main] INFO  c.n.d.DiscoveryClient                              - Disable delta property : false 
2021-11-07 17:05:04,412 [main] INFO  c.n.d.DiscoveryClient                              - Single vip registry refresh property : null 
2021-11-07 17:05:04,413 [main] INFO  c.n.d.DiscoveryClient                              - Force full registry fetch : false 
2021-11-07 17:05:04,413 [main] INFO  c.n.d.DiscoveryClient                              - Application is null : false 
2021-11-07 17:05:04,413 [main] INFO  c.n.d.DiscoveryClient                              - Registered Applications size is zero : true 
2021-11-07 17:05:04,413 [main] INFO  c.n.d.DiscoveryClient                              - Application version is -1: true 
2021-11-07 17:05:04,413 [main] INFO  c.n.d.DiscoveryClient                              - Getting all instance registry info from the eureka server 
2021-11-07 17:05:04,762 [main] INFO  c.n.d.DiscoveryClient                              - The response status is 200 
2021-11-07 17:05:04,766 [main] INFO  c.n.d.DiscoveryClient                              - Starting heartbeat executor: renew interval is: 30 
2021-11-07 17:05:04,769 [main] INFO  c.n.d.InstanceInfoReplicator                       - InstanceInfoReplicator onDemand update allowed rate per min is 4 
2021-11-07 17:05:04,774 [main] INFO  c.n.d.DiscoveryClient                              - Discovery Client initialized at timestamp 1636322704773 with initial instances count: 1 
2021-11-07 17:05:04,780 [main] INFO  o.s.c.n.e.s.EurekaServiceRegistry                  - Registering application CUSTOMER-SERVICE-BANK with eureka with status UP 
2021-11-07 17:05:04,781 [main] INFO  c.n.d.DiscoveryClient                              - Saw local status change event StatusChangeEvent [timestamp=1636322704781, current=UP, previous=STARTING] 
2021-11-07 17:05:04,784 [DiscoveryClient-InstanceInfoReplicator-0] INFO  c.n.d.DiscoveryClient                              - DiscoveryClient_CUSTOMER-SERVICE-BANK/LAPTOP-E8INKJVT:customer-service-bank:8081: registering service... 
2021-11-07 17:05:04,807 [main] INFO  m.c.b.MsCustomerBankApplicationTests               - Started MsCustomerBankApplicationTests in 17.071 seconds (JVM running for 18.755) 
2021-11-07 17:05:04,943 [DiscoveryClient-InstanceInfoReplicator-0] INFO  c.n.d.DiscoveryClient                              - DiscoveryClient_CUSTOMER-SERVICE-BANK/LAPTOP-E8INKJVT:customer-service-bank:8081 - registration status: 204 
2021-11-07 17:05:05,729 [SpringApplicationShutdownHook] INFO  o.s.c.n.e.s.EurekaServiceRegistry                  - Unregistering application CUSTOMER-SERVICE-BANK with eureka with status DOWN 
2021-11-07 17:05:05,730 [SpringApplicationShutdownHook] INFO  c.n.d.DiscoveryClient                              - Saw local status change event StatusChangeEvent [timestamp=1636322705730, current=DOWN, previous=UP] 
2021-11-07 17:05:05,730 [DiscoveryClient-InstanceInfoReplicator-0] INFO  c.n.d.DiscoveryClient                              - DiscoveryClient_CUSTOMER-SERVICE-BANK/LAPTOP-E8INKJVT:customer-service-bank:8081: registering service... 
2021-11-07 17:05:05,749 [SpringApplicationShutdownHook] INFO  o.m.d.connection                                   - Closed connection [connectionId{localValue:3, serverValue:18}] to localhost:27018 because the pool has been closed. 
2021-11-07 17:05:05,756 [DiscoveryClient-InstanceInfoReplicator-0] INFO  c.n.d.DiscoveryClient                              - DiscoveryClient_CUSTOMER-SERVICE-BANK/LAPTOP-E8INKJVT:customer-service-bank:8081 - registration status: 204 
2021-11-07 17:05:07,772 [SpringApplicationShutdownHook] INFO  c.n.d.DiscoveryClient                              - Shutting down DiscoveryClient ... 
2021-11-07 17:05:10,774 [SpringApplicationShutdownHook] INFO  c.n.d.DiscoveryClient                              - Unregistering ... 
2021-11-07 17:05:10,851 [SpringApplicationShutdownHook] INFO  c.n.d.DiscoveryClient                              - DiscoveryClient_CUSTOMER-SERVICE-BANK/LAPTOP-E8INKJVT:customer-service-bank:8081 - deregister  status: 200 
2021-11-07 17:05:10,854 [SpringApplicationShutdownHook] INFO  c.n.d.DiscoveryClient                              - Completed shut down of DiscoveryClient 
2021-11-07 17:34:06,625 [main] INFO  o.s.b.t.c.SpringBootTestContextBootstrapper        - Neither @ContextConfiguration nor @ContextHierarchy found for test class [ms.customer.bank.MsCustomerBankApplicationTests], using SpringBootContextLoader 
2021-11-07 17:34:06,656 [main] INFO  o.s.t.c.s.AbstractContextLoader                    - Could not detect default resource locations for test class [ms.customer.bank.MsCustomerBankApplicationTests]: no resource found for suffixes {-context.xml, Context.groovy}. 
2021-11-07 17:34:06,656 [main] INFO  o.s.t.c.s.AnnotationConfigContextLoaderUtils       - Could not detect default configuration classes for test class [ms.customer.bank.MsCustomerBankApplicationTests]: MsCustomerBankApplicationTests does not declare any static, non-private, non-final, nested classes annotated with @Configuration. 
2021-11-07 17:34:07,026 [main] INFO  o.s.b.t.c.SpringBootTestContextBootstrapper        - Found @SpringBootConfiguration ms.customer.bank.MsCustomerBankApplication for test class ms.customer.bank.MsCustomerBankApplicationTests 
2021-11-07 17:34:07,157 [main] INFO  o.s.b.t.c.SpringBootTestContextBootstrapper        - Loaded default TestExecutionListener class names from location [META-INF/spring.factories]: [org.springframework.boot.test.mock.mockito.MockitoTestExecutionListener, org.springframework.boot.test.mock.mockito.ResetMocksTestExecutionListener, org.springframework.boot.test.autoconfigure.restdocs.RestDocsTestExecutionListener, org.springframework.boot.test.autoconfigure.web.client.MockRestServiceServerResetTestExecutionListener, org.springframework.boot.test.autoconfigure.web.servlet.MockMvcPrintOnlyOnFailureTestExecutionListener, org.springframework.boot.test.autoconfigure.web.servlet.WebDriverTestExecutionListener, org.springframework.boot.test.autoconfigure.webservices.client.MockWebServiceServerTestExecutionListener, org.springframework.test.context.web.ServletTestExecutionListener, org.springframework.test.context.support.DirtiesContextBeforeModesTestExecutionListener, org.springframework.test.context.event.ApplicationEventsTestExecutionListener, org.springframework.test.context.support.DependencyInjectionTestExecutionListener, org.springframework.test.context.support.DirtiesContextTestExecutionListener, org.springframework.test.context.transaction.TransactionalTestExecutionListener, org.springframework.test.context.jdbc.SqlScriptsTestExecutionListener, org.springframework.test.context.event.EventPublishingTestExecutionListener] 
2021-11-07 17:34:07,288 [main] INFO  o.s.b.t.c.SpringBootTestContextBootstrapper        - Using TestExecutionListeners: [org.springframework.test.context.support.DirtiesContextBeforeModesTestExecutionListener@1d470d0, org.springframework.test.context.event.ApplicationEventsTestExecutionListener@24d09c1, org.springframework.boot.test.mock.mockito.MockitoTestExecutionListener@54c62d71, org.springframework.boot.test.autoconfigure.SpringBootDependencyInjectionTestExecutionListener@65045a87, org.springframework.test.context.support.DirtiesContextTestExecutionListener@47f4e407, org.springframework.test.context.transaction.TransactionalTestExecutionListener@2d1dee39, org.springframework.test.context.jdbc.SqlScriptsTestExecutionListener@48d5f34e, org.springframework.test.context.event.EventPublishingTestExecutionListener@fc258b1, org.springframework.boot.test.mock.mockito.ResetMocksTestExecutionListener@6ff65192, org.springframework.boot.test.autoconfigure.restdocs.RestDocsTestExecutionListener@2dd80673, org.springframework.boot.test.autoconfigure.web.client.MockRestServiceServerResetTestExecutionListener@4af0df05, org.springframework.boot.test.autoconfigure.web.servlet.MockMvcPrintOnlyOnFailureTestExecutionListener@57ea113a, org.springframework.boot.test.autoconfigure.web.servlet.WebDriverTestExecutionListener@acdb094, org.springframework.boot.test.autoconfigure.webservices.client.MockWebServiceServerTestExecutionListener@674bd420] 
2021-11-07 17:34:08,144 [background-preinit] INFO  o.h.v.i.u.Version                                  - HV000001: Hibernate Validator 6.2.0.Final 
2021-11-07 17:34:08,999 [main] INFO  o.s.c.c.c.ConfigServicePropertySourceLocator       - Fetching config from server at : http://localhost:8762 
2021-11-07 17:34:14,614 [main] INFO  o.s.c.c.c.ConfigServicePropertySourceLocator       - Located environment: name=customer-service-bank, profiles=[dev], label=null, version=c7ff51c9e75bd8cd21f3727db13506d8c3cb5513, state=null 
2021-11-07 17:34:14,614 [main] INFO  o.s.c.b.c.PropertySourceBootstrapConfiguration     - Located property source: [BootstrapPropertySource {name='bootstrapProperties-configClient'}, BootstrapPropertySource {name='bootstrapProperties-https://github.com/hiddro/configuration-config-bank/file:C:\Users\ddeck\AppData\Local\Temp\config-repo-8648398062977905516\customer-service-bank-dev.yml'}] 
2021-11-07 17:34:14,746 [main] INFO  m.c.b.MsCustomerBankApplicationTests               - The following profiles are active: dev 
2021-11-07 17:34:17,136 [main] INFO  o.s.d.r.c.RepositoryConfigurationDelegate          - Bootstrapping Spring Data Reactive MongoDB repositories in DEFAULT mode. 
2021-11-07 17:34:17,568 [main] INFO  o.s.d.r.c.RepositoryConfigurationDelegate          - Finished Spring Data repository scanning in 188 ms. Found 2 Reactive MongoDB repository interfaces. 
2021-11-07 17:34:17,869 [main] INFO  o.s.c.c.s.GenericScope                             - BeanFactory id=cfd9a3a7-8d03-3b04-a150-f91e7e5b7e80 
2021-11-07 17:34:20,626 [main] INFO  o.s.c.s.PostProcessorRegistrationDelegate$BeanPostProcessorChecker - Bean 'org.springframework.cloud.client.loadbalancer.reactive.LoadBalancerBeanPostProcessorAutoConfiguration' of type [org.springframework.cloud.client.loadbalancer.reactive.LoadBalancerBeanPostProcessorAutoConfiguration] is not eligible for getting processed by all BeanPostProcessors (for example: not eligible for auto-proxying) 
2021-11-07 17:34:20,626 [main] INFO  o.s.c.s.PostProcessorRegistrationDelegate$BeanPostProcessorChecker - Bean 'org.springframework.cloud.client.loadbalancer.reactive.LoadBalancerBeanPostProcessorAutoConfiguration$ReactorDeferringLoadBalancerFilterConfig' of type [org.springframework.cloud.client.loadbalancer.reactive.LoadBalancerBeanPostProcessorAutoConfiguration$ReactorDeferringLoadBalancerFilterConfig] is not eligible for getting processed by all BeanPostProcessors (for example: not eligible for auto-proxying) 
2021-11-07 17:34:20,635 [main] INFO  o.s.c.s.PostProcessorRegistrationDelegate$BeanPostProcessorChecker - Bean 'reactorDeferringLoadBalancerExchangeFilterFunction' of type [org.springframework.cloud.client.loadbalancer.reactive.DeferringLoadBalancerExchangeFilterFunction] is not eligible for getting processed by all BeanPostProcessors (for example: not eligible for auto-proxying) 
2021-11-07 17:34:23,441 [main] INFO  o.m.d.cluster                                      - Cluster created with settings {hosts=[localhost:27018], mode=SINGLE, requiredClusterType=UNKNOWN, serverSelectionTimeout='30000 ms'} 
2021-11-07 17:34:24,491 [main] WARN  o.s.d.c.CustomConversions                          - Registering converter from class java.time.LocalDateTime to class org.joda.time.LocalDateTime as reading converter although it doesn't convert from a store-supported type! You might want to check your annotation setup at the converter implementation. 
2021-11-07 17:34:25,046 [cluster-rtt-ClusterId{value='6188546fef8fc5076d7faee1', description='null'}-localhost:27018] INFO  o.m.d.connection                                   - Opened connection [connectionId{localValue:2, serverValue:19}] to localhost:27018 
2021-11-07 17:34:25,046 [cluster-ClusterId{value='6188546fef8fc5076d7faee1', description='null'}-localhost:27018] INFO  o.m.d.connection                                   - Opened connection [connectionId{localValue:1, serverValue:20}] to localhost:27018 
2021-11-07 17:34:25,046 [cluster-ClusterId{value='6188546fef8fc5076d7faee1', description='null'}-localhost:27018] INFO  o.m.d.cluster                                      - Monitor thread successfully connected to server with description ServerDescription{address=localhost:27018, type=STANDALONE, state=CONNECTED, ok=true, minWireVersion=0, maxWireVersion=13, maxDocumentSize=16777216, logicalSessionTimeoutMinutes=30, roundTripTimeNanos=352377799} 
2021-11-07 17:34:25,413 [main] WARN  o.s.d.c.CustomConversions                          - Registering converter from class java.time.LocalDateTime to class org.joda.time.LocalDateTime as reading converter although it doesn't convert from a store-supported type! You might want to check your annotation setup at the converter implementation. 
2021-11-07 17:34:26,632 [nioEventLoopGroup-2-3] INFO  o.m.d.connection                                   - Opened connection [connectionId{localValue:3, serverValue:21}] to localhost:27018 
2021-11-07 17:34:36,119 [main] INFO  o.s.b.a.e.w.EndpointLinksResolver                  - Exposing 1 endpoint(s) beneath base path '/actuator' 
2021-11-07 17:34:38,030 [main] INFO  o.s.c.n.e.c.DiscoveryClientOptionalArgsConfiguration - Eureka HTTP Client uses RestTemplate. 
2021-11-07 17:34:38,758 [main] WARN  o.s.c.l.c.LoadBalancerCacheAutoConfiguration$LoadBalancerCaffeineWarnLogger - Spring Cloud LoadBalancer is currently working with the default cache. You can switch to using Caffeine cache, by adding it and org.springframework.cache.caffeine.CaffeineCacheManager to the classpath. 
2021-11-07 17:34:38,788 [main] INFO  o.s.c.n.e.InstanceInfoFactory                      - Setting initial instance status as: STARTING 
2021-11-07 17:34:39,276 [main] INFO  c.n.d.DiscoveryClient                              - Initializing Eureka in region us-east-1 
2021-11-07 17:34:39,399 [main] INFO  c.n.d.s.r.a.ConfigClusterResolver                  - Resolving eureka endpoints via configuration 
2021-11-07 17:34:39,685 [main] INFO  c.n.d.DiscoveryClient                              - Disable delta property : false 
2021-11-07 17:34:39,685 [main] INFO  c.n.d.DiscoveryClient                              - Single vip registry refresh property : null 
2021-11-07 17:34:39,685 [main] INFO  c.n.d.DiscoveryClient                              - Force full registry fetch : false 
2021-11-07 17:34:39,685 [main] INFO  c.n.d.DiscoveryClient                              - Application is null : false 
2021-11-07 17:34:39,685 [main] INFO  c.n.d.DiscoveryClient                              - Registered Applications size is zero : true 
2021-11-07 17:34:39,685 [main] INFO  c.n.d.DiscoveryClient                              - Application version is -1: true 
2021-11-07 17:34:39,685 [main] INFO  c.n.d.DiscoveryClient                              - Getting all instance registry info from the eureka server 
2021-11-07 17:34:41,807 [main] INFO  c.n.d.DiscoveryClient                              - The response status is 200 
2021-11-07 17:34:41,823 [main] INFO  c.n.d.DiscoveryClient                              - Starting heartbeat executor: renew interval is: 30 
2021-11-07 17:34:41,823 [main] INFO  c.n.d.InstanceInfoReplicator                       - InstanceInfoReplicator onDemand update allowed rate per min is 4 
2021-11-07 17:34:41,939 [main] INFO  c.n.d.DiscoveryClient                              - Discovery Client initialized at timestamp 1636324481838 with initial instances count: 1 
2021-11-07 17:34:41,939 [main] INFO  o.s.c.n.e.s.EurekaServiceRegistry                  - Registering application CUSTOMER-SERVICE-BANK with eureka with status UP 
2021-11-07 17:34:41,939 [main] INFO  c.n.d.DiscoveryClient                              - Saw local status change event StatusChangeEvent [timestamp=1636324481939, current=UP, previous=STARTING] 
2021-11-07 17:34:41,954 [DiscoveryClient-InstanceInfoReplicator-0] INFO  c.n.d.DiscoveryClient                              - DiscoveryClient_CUSTOMER-SERVICE-BANK/LAPTOP-E8INKJVT:customer-service-bank:8081: registering service... 
2021-11-07 17:34:41,985 [main] INFO  m.c.b.MsCustomerBankApplicationTests               - Started MsCustomerBankApplicationTests in 34.564 seconds (JVM running for 40.961) 
2021-11-07 17:34:42,571 [DiscoveryClient-InstanceInfoReplicator-0] INFO  c.n.d.DiscoveryClient                              - DiscoveryClient_CUSTOMER-SERVICE-BANK/LAPTOP-E8INKJVT:customer-service-bank:8081 - registration status: 204 
2021-11-07 17:34:46,886 [SpringApplicationShutdownHook] INFO  o.s.c.n.e.s.EurekaServiceRegistry                  - Unregistering application CUSTOMER-SERVICE-BANK with eureka with status DOWN 
2021-11-07 17:34:46,886 [SpringApplicationShutdownHook] INFO  c.n.d.DiscoveryClient                              - Saw local status change event StatusChangeEvent [timestamp=1636324486886, current=DOWN, previous=UP] 
2021-11-07 17:34:46,886 [DiscoveryClient-InstanceInfoReplicator-0] INFO  c.n.d.DiscoveryClient                              - DiscoveryClient_CUSTOMER-SERVICE-BANK/LAPTOP-E8INKJVT:customer-service-bank:8081: registering service... 
2021-11-07 17:34:47,002 [SpringApplicationShutdownHook] INFO  o.m.d.connection                                   - Closed connection [connectionId{localValue:3, serverValue:21}] to localhost:27018 because the pool has been closed. 
2021-11-07 17:34:47,098 [DiscoveryClient-InstanceInfoReplicator-0] INFO  c.n.d.DiscoveryClient                              - DiscoveryClient_CUSTOMER-SERVICE-BANK/LAPTOP-E8INKJVT:customer-service-bank:8081 - registration status: 204 
2021-11-07 17:34:49,043 [SpringApplicationShutdownHook] INFO  c.n.d.DiscoveryClient                              - Shutting down DiscoveryClient ... 
2021-11-07 17:34:52,051 [SpringApplicationShutdownHook] INFO  c.n.d.DiscoveryClient                              - Unregistering ... 
2021-11-07 17:34:52,098 [SpringApplicationShutdownHook] INFO  c.n.d.DiscoveryClient                              - DiscoveryClient_CUSTOMER-SERVICE-BANK/LAPTOP-E8INKJVT:customer-service-bank:8081 - deregister  status: 200 
2021-11-07 17:34:52,098 [SpringApplicationShutdownHook] INFO  c.n.d.DiscoveryClient                              - Completed shut down of DiscoveryClient 
